[2026-02-28T22:53:03.095Z] 
→ Starting: Bootstrap Documentation
[2026-02-28T22:53:03.095Z] [DEBUG] Step0bBootstrapDocs.execute()
[2026-02-28T22:53:03.095Z] ════════════════════════════════════════════════════════════
[2026-02-28T22:53:03.095Z] 🔷  Step 0b: Documentation Gap Analysis and Generation
[2026-02-28T22:53:03.095Z] ════════════════════════════════════════════════════════════
[2026-02-28T22:53:03.095Z] Phase 1: Gathering project statistics...
[2026-02-28T22:53:03.095Z] [DEBUG] Gathering project statistics by scanning files...
[2026-02-28T22:53:03.095Z] [DEBUG] Listing all files in the project directory...
[2026-02-28T22:53:03.095Z] [DEBUG] Project root: /home/mpb/Documents/GitHub/guia_turistico
[2026-02-28T22:53:03.099Z] [DEBUG] Total files found: 1074
[2026-02-28T22:53:03.099Z] [DEBUG] Converting to relative paths...
[2026-02-28T22:53:03.101Z] Project has 429 documentation files and 310 source files
[2026-02-28T22:53:03.101Z] README.md size: 56236 bytes, Has CHANGELOG: true, Has docs/ directory: true
[2026-02-28T22:53:03.101Z] Phase 2: Evaluating documentation coverage...
[2026-02-28T22:53:03.101Z] Step 0b: Documentation coverage adequate - no bootstrap needed
[2026-02-28T22:53:03.102Z] ✓ Step step_0b completed in 8ms
[2026-02-28T22:53:03.102Z] [DEBUG] [Performance] step_0b: 8ms
[2026-02-28T22:53:03.102Z] [DEBUG] Recorded outcome for step_0b: success
[2026-02-28T22:53:03.102Z] ✓ Completed: Bootstrap Documentation (0s)
