[2026-02-28T22:53:02.977Z] 
→ Starting: Pre-Analysis
[2026-02-28T22:53:02.977Z] ════════════════════════════════════════════════════════════
[2026-02-28T22:53:02.977Z] 🔷  Step 0: Pre-Analysis - Analyzing Recent Changes
[2026-02-28T22:53:02.977Z] ════════════════════════════════════════════════════════════
[2026-02-28T22:53:03.004Z] Commits ahead of remote: 0
[2026-02-28T22:53:03.004Z] Modified files: 20
[2026-02-28T22:53:03.009Z] ✓ Project kind from config: location_based_service (configured)
[2026-02-28T22:53:03.089Z] ✓ Pre-analysis complete:
  • Commits ahead: 0
  • Modified files: 20
  • Change scope: full-stack
  • Documentation: 5 files
  • Tests: 7 files
  • Source: 7 files
  • Config: 1 files
  • Project kind: location_based_service (100% confidence)

[2026-02-28T22:53:03.094Z] ✓ Step step_00 completed in 118ms
[2026-02-28T22:53:03.094Z] [DEBUG] [Performance] step_00: 118ms
[2026-02-28T22:53:03.094Z] [DEBUG] Recorded outcome for step_00: success
[2026-02-28T22:53:03.094Z] ✓ Completed: Pre-Analysis (0s)
