[2026-03-02T23:31:21.173Z] 
→ Starting: Bootstrap Documentation
[2026-03-02T23:31:21.174Z] [DEBUG] Step0bBootstrapDocs.execute()
[2026-03-02T23:31:21.174Z] ════════════════════════════════════════════════════════════
[2026-03-02T23:31:21.174Z] 🔷  Step 0b: Documentation Gap Analysis and Generation
[2026-03-02T23:31:21.174Z] ════════════════════════════════════════════════════════════
[2026-03-02T23:31:21.174Z] Phase 1: Gathering project statistics...
[2026-03-02T23:31:21.174Z] [DEBUG] Gathering project statistics by scanning files...
[2026-03-02T23:31:21.174Z] [DEBUG] Listing all files in the project directory...
[2026-03-02T23:31:21.174Z] [DEBUG] Project root: /home/mpb/Documents/GitHub/guia_turistico
[2026-03-02T23:31:21.179Z] [DEBUG] Total files found: 1109
[2026-03-02T23:31:21.179Z] [DEBUG] Converting to relative paths...
[2026-03-02T23:31:21.181Z] Project has 443 documentation files and 329 source files
[2026-03-02T23:31:21.181Z] README.md size: 56236 bytes, Has CHANGELOG: true, Has docs/ directory: true
[2026-03-02T23:31:21.181Z] Phase 2: Evaluating documentation coverage...
[2026-03-02T23:31:21.181Z] Step 0b: Documentation coverage adequate - no bootstrap needed
[2026-03-02T23:31:21.181Z] ✓ Step step_0b completed in 8ms
[2026-03-02T23:31:21.181Z] [DEBUG] [Performance] step_0b: 8ms
[2026-03-02T23:31:21.181Z] [DEBUG] Recorded outcome for step_0b: success
[2026-03-02T23:31:21.181Z] ✓ Completed: Bootstrap Documentation (0s)
