[2026-03-02T23:31:21.041Z] 
→ Starting: Pre-Analysis
[2026-03-02T23:31:21.041Z] ════════════════════════════════════════════════════════════
[2026-03-02T23:31:21.041Z] 🔷  Step 0: Pre-Analysis - Analyzing Recent Changes
[2026-03-02T23:31:21.041Z] ════════════════════════════════════════════════════════════
[2026-03-02T23:31:21.065Z] Commits ahead of remote: 0
[2026-03-02T23:31:21.065Z] Modified files: 5
[2026-03-02T23:31:21.073Z] ✓ Project kind from config: location_based_service (configured)
[2026-03-02T23:31:21.168Z] ✓ Pre-analysis complete:
  • Commits ahead: 0
  • Modified files: 5
  • Change scope: mixed-changes
  • Documentation: 0 files
  • Tests: 4 files
  • Source: 0 files
  • Config: 1 files
  • Project kind: location_based_service (100% confidence)

[2026-03-02T23:31:21.173Z] ✓ Step step_00 completed in 132ms
[2026-03-02T23:31:21.173Z] [DEBUG] [Performance] step_00: 132ms
[2026-03-02T23:31:21.173Z] [DEBUG] Recorded outcome for step_00: success
[2026-03-02T23:31:21.173Z] ✓ Completed: Pre-Analysis (0s)
