[2026-03-01T23:39:28.393Z] 
→ Starting: Documentation Optimization
[2026-03-01T23:39:28.393Z] Documentation optimization initialized
[2026-03-01T23:39:28.393Z] ════════════════════════════════════════════════════════════
[2026-03-01T23:39:28.393Z] 🔷  Step 2.5: Documentation Optimization
[2026-03-01T23:39:28.393Z] ════════════════════════════════════════════════════════════
[2026-03-01T23:39:28.395Z] Phase 1: Heuristics Analysis (386 files)
[2026-03-01T23:39:28.418Z] Calculating content hashes...
[2026-03-01T23:39:28.430Z] Found 0 duplicate groups (0 redundant files)
[2026-03-01T23:39:28.430Z] Analyzing document similarity...
[2026-03-01T23:39:52.279Z] Found 0 redundant pairs above 80% similarity
[2026-03-01T23:39:52.279Z] Found 0 exact duplicates, 0 redundant pairs
[2026-03-01T23:39:52.280Z] Phase 2: Git History Analysis
[2026-03-01T23:39:52.280Z] Analyzing git history for 386 files...
[2026-03-01T23:39:59.649Z] Completed git analysis for 386 files
[2026-03-01T23:39:59.650Z] Found 0 outdated files
[2026-03-01T23:39:59.650Z] Phase 3: Version Reference Analysis
[2026-03-01T23:39:59.651Z] Detected version from package.json: 0.11.5-alpha
[2026-03-01T23:39:59.651Z] Analyzing version references in 386 files (current: 0.11.5-alpha)...
[2026-03-01T23:39:59.682Z] Completed version analysis for 386 files
[2026-03-01T23:39:59.682Z] Version analysis complete (29 total outdated)
[2026-03-01T23:39:59.682Z] Phase 4: AI Edge Case Analysis (skipped - no AI analyzer)
[2026-03-01T23:39:59.683Z] Phase 5: Optimization Summary
[2026-03-01T23:39:59.683Z] 
📊 Analysis Results:
───────────────────
  Total files analyzed: 386
  Exact duplicates: 0
  Redundant pairs: 0
  Outdated files: 29
  Files to optimize: 29

[2026-03-01T23:39:59.683Z] Phase 6: Applying Optimizations
[2026-03-01T23:39:59.683Z] Consolidating 0 duplicate groups...
[2026-03-01T23:39:59.683Z] Created archive: /home/mpb/Documents/GitHub/guia_turistico/.ai_workflow/archive/docs/20260301_203959
[2026-03-01T23:39:59.683Z] Consolidation complete: 0 removed, 0 kept
[2026-03-01T23:39:59.683Z] Archiving 29 outdated files...
[2026-03-01T23:39:59.683Z] Created archive: /home/mpb/Documents/GitHub/guia_turistico/.ai_workflow/archive/docs/20260301_203959
[2026-03-01T23:39:59.684Z] Archived: /home/mpb/Documents/GitHub/guia_turistico/docs/INDEX.md
[2026-03-01T23:39:59.684Z] Archived outdated: /home/mpb/Documents/GitHub/guia_turistico/docs/INDEX.md
[2026-03-01T23:39:59.684Z] Archived: /home/mpb/Documents/GitHub/guia_turistico/docs/architecture/COMPREHENSIVE_GUIDE.md
[2026-03-01T23:39:59.684Z] Archived outdated: /home/mpb/Documents/GitHub/guia_turistico/docs/architecture/COMPREHENSIVE_GUIDE.md
[2026-03-01T23:39:59.684Z] Archived: /home/mpb/Documents/GitHub/guia_turistico/docs/guides/IBIRA_INTEGRATION.md
[2026-03-01T23:39:59.684Z] Archived outdated: /home/mpb/Documents/GitHub/guia_turistico/docs/guides/IBIRA_INTEGRATION.md
[2026-03-01T23:39:59.684Z] Archived: /home/mpb/Documents/GitHub/guia_turistico/docs/guides/JEST_COMMONJS_ES6_GUIDE.md
[2026-03-01T23:39:59.684Z] Archived outdated: /home/mpb/Documents/GitHub/guia_turistico/docs/guides/JEST_COMMONJS_ES6_GUIDE.md
[2026-03-01T23:39:59.684Z] Archived: /home/mpb/Documents/GitHub/guia_turistico/docs/guides/JSDOC_GUIDE.md
[2026-03-01T23:39:59.684Z] Archived outdated: /home/mpb/Documents/GitHub/guia_turistico/docs/guides/JSDOC_GUIDE.md
[2026-03-01T23:39:59.685Z] Archived: /home/mpb/Documents/GitHub/guia_turistico/docs/guides/QUICK_START.md
[2026-03-01T23:39:59.685Z] Archived outdated: /home/mpb/Documents/GitHub/guia_turistico/docs/guides/QUICK_START.md
[2026-03-01T23:39:59.685Z] Archived: /home/mpb/Documents/GitHub/guia_turistico/docs/infrastructure/GIT_HOOKS_INVESTIGATION.md
[2026-03-01T23:39:59.685Z] Archived outdated: /home/mpb/Documents/GitHub/guia_turistico/docs/infrastructure/GIT_HOOKS_INVESTIGATION.md
[2026-03-01T23:39:59.685Z] Archived: /home/mpb/Documents/GitHub/guia_turistico/docs/maintenance/dependency-audit-2026-02-13/ACTIONS_TAKEN.md
[2026-03-01T23:39:59.685Z] Archived outdated: /home/mpb/Documents/GitHub/guia_turistico/docs/maintenance/dependency-audit-2026-02-13/ACTIONS_TAKEN.md
[2026-03-01T23:39:59.710Z] Archived: /home/mpb/Documents/GitHub/guia_turistico/docs/maintenance/dependency-audit-2026-02-13/DEPENDENCY_ROADMAP.md
[2026-03-01T23:39:59.710Z] Archived outdated: /home/mpb/Documents/GitHub/guia_turistico/docs/maintenance/dependency-audit-2026-02-13/DEPENDENCY_ROADMAP.md
[2026-03-01T23:39:59.711Z] Archived: /home/mpb/Documents/GitHub/guia_turistico/docs/maintenance/dependency-audit-2026-02-13/EXECUTIVE_SUMMARY.md
[2026-03-01T23:39:59.711Z] Archived outdated: /home/mpb/Documents/GitHub/guia_turistico/docs/maintenance/dependency-audit-2026-02-13/EXECUTIVE_SUMMARY.md
[2026-03-01T23:39:59.711Z] Archived: /home/mpb/Documents/GitHub/guia_turistico/docs/maintenance/dependency-audit-2026-02-13/README.md
[2026-03-01T23:39:59.711Z] Archived outdated: /home/mpb/Documents/GitHub/guia_turistico/docs/maintenance/dependency-audit-2026-02-13/README.md
[2026-03-01T23:39:59.711Z] Archived: /home/mpb/Documents/GitHub/guia_turistico/docs/maintenance/dependency-audit-2026-02-13/dependency_analysis_report.md
[2026-03-01T23:39:59.711Z] Archived outdated: /home/mpb/Documents/GitHub/guia_turistico/docs/maintenance/dependency-audit-2026-02-13/dependency_analysis_report.md
[2026-03-01T23:39:59.711Z] Archived: /home/mpb/Documents/GitHub/guia_turistico/docs/reports/DOCS_MISC_DIRECTORY_AUDIT.md
[2026-03-01T23:39:59.711Z] Archived outdated: /home/mpb/Documents/GitHub/guia_turistico/docs/reports/DOCS_MISC_DIRECTORY_AUDIT.md
[2026-03-01T23:39:59.712Z] Archived: /home/mpb/Documents/GitHub/guia_turistico/docs/reports/DOCUMENTATION_AUDIT_FIXES_SUMMARY.md
[2026-03-01T23:39:59.712Z] Archived outdated: /home/mpb/Documents/GitHub/guia_turistico/docs/reports/DOCUMENTATION_AUDIT_FIXES_SUMMARY.md
[2026-03-01T23:39:59.712Z] Archived: /home/mpb/Documents/GitHub/guia_turistico/docs/reports/E2E_TESTS_DOCUMENTATION_AUDIT.md
[2026-03-01T23:39:59.712Z] Archived outdated: /home/mpb/Documents/GitHub/guia_turistico/docs/reports/E2E_TESTS_DOCUMENTATION_AUDIT.md
[2026-03-01T23:39:59.712Z] Archived: /home/mpb/Documents/GitHub/guia_turistico/docs/reports/REPORTS_DIRECTORY_AUDIT.md
[2026-03-01T23:39:59.712Z] Archived outdated: /home/mpb/Documents/GitHub/guia_turistico/docs/reports/REPORTS_DIRECTORY_AUDIT.md
[2026-03-01T23:39:59.712Z] Archived: /home/mpb/Documents/GitHub/guia_turistico/docs/reports/SOURCE_DIRECTORY_STRUCTURE_AUDIT.md
[2026-03-01T23:39:59.712Z] Archived outdated: /home/mpb/Documents/GitHub/guia_turistico/docs/reports/SOURCE_DIRECTORY_STRUCTURE_AUDIT.md
[2026-03-01T23:39:59.712Z] Archived: /home/mpb/Documents/GitHub/guia_turistico/docs/reports/VENV_DIRECTORY_INVESTIGATION.md
[2026-03-01T23:39:59.712Z] Archived outdated: /home/mpb/Documents/GitHub/guia_turistico/docs/reports/VENV_DIRECTORY_INVESTIGATION.md
[2026-03-01T23:39:59.713Z] Archived: /home/mpb/Documents/GitHub/guia_turistico/docs/reports/analysis/DOCUMENTATION_STATISTICS_REPORT.md
[2026-03-01T23:39:59.713Z] Archived outdated: /home/mpb/Documents/GitHub/guia_turistico/docs/reports/analysis/DOCUMENTATION_STATISTICS_REPORT.md
[2026-03-01T23:39:59.713Z] Archived: /home/mpb/Documents/GitHub/guia_turistico/docs/reports/bugfixes/DOCUMENTATION_FIXES_SUMMARY.md
[2026-03-01T23:39:59.713Z] Archived outdated: /home/mpb/Documents/GitHub/guia_turistico/docs/reports/bugfixes/DOCUMENTATION_FIXES_SUMMARY.md
[2026-03-01T23:39:59.713Z] Archived: /home/mpb/Documents/GitHub/guia_turistico/docs/reports/implementation/AUTOMATION_IMPLEMENTATION_SUMMARY.md
[2026-03-01T23:39:59.713Z] Archived outdated: /home/mpb/Documents/GitHub/guia_turistico/docs/reports/implementation/AUTOMATION_IMPLEMENTATION_SUMMARY.md
[2026-03-01T23:39:59.713Z] Archived: /home/mpb/Documents/GitHub/guia_turistico/docs/reports/implementation/COMPLETE_SESSION_SUMMARY.md
[2026-03-01T23:39:59.713Z] Archived outdated: /home/mpb/Documents/GitHub/guia_turistico/docs/reports/implementation/COMPLETE_SESSION_SUMMARY.md
[2026-03-01T23:39:59.714Z] Archived: /home/mpb/Documents/GitHub/guia_turistico/docs/reports/implementation/DOCUMENTATION_AUDIT_COMPLETE_2026-01-01.md
[2026-03-01T23:39:59.714Z] Archived outdated: /home/mpb/Documents/GitHub/guia_turistico/docs/reports/implementation/DOCUMENTATION_AUDIT_COMPLETE_2026-01-01.md
[2026-03-01T23:39:59.714Z] Archived: /home/mpb/Documents/GitHub/guia_turistico/docs/reports/implementation/DOCUMENTATION_IMPROVEMENTS_2026-01-01.md
[2026-03-01T23:39:59.714Z] Archived outdated: /home/mpb/Documents/GitHub/guia_turistico/docs/reports/implementation/DOCUMENTATION_IMPROVEMENTS_2026-01-01.md
[2026-03-01T23:39:59.714Z] Archived: /home/mpb/Documents/GitHub/guia_turistico/docs/reports/implementation/FINAL_COMPLETE_SUMMARY.md
[2026-03-01T23:39:59.714Z] Archived outdated: /home/mpb/Documents/GitHub/guia_turistico/docs/reports/implementation/FINAL_COMPLETE_SUMMARY.md
[2026-03-01T23:39:59.714Z] Archived: /home/mpb/Documents/GitHub/guia_turistico/docs/reports/implementation/IBIRA_VERSION_UPDATE.md
[2026-03-01T23:39:59.714Z] Archived outdated: /home/mpb/Documents/GitHub/guia_turistico/docs/reports/implementation/IBIRA_VERSION_UPDATE.md
[2026-03-01T23:39:59.714Z] Archived: /home/mpb/Documents/GitHub/guia_turistico/docs/reports/implementation/PHASE2_TIMER_LEAK_BROWSER_UI.md
[2026-03-01T23:39:59.715Z] Archived outdated: /home/mpb/Documents/GitHub/guia_turistico/docs/reports/implementation/PHASE2_TIMER_LEAK_BROWSER_UI.md
[2026-03-01T23:39:59.715Z] Archived: /home/mpb/Documents/GitHub/guia_turistico/docs/workflow-automation/AUTOMATION_RECOMMENDATIONS.md
[2026-03-01T23:39:59.715Z] Archived outdated: /home/mpb/Documents/GitHub/guia_turistico/docs/workflow-automation/AUTOMATION_RECOMMENDATIONS.md
[2026-03-01T23:39:59.715Z] Archived: /home/mpb/Documents/GitHub/guia_turistico/docs/workflow-automation/WORKFLOW_AUTOMATION_DIRECTORY_AUDIT.md
[2026-03-01T23:39:59.715Z] Archived outdated: /home/mpb/Documents/GitHub/guia_turistico/docs/workflow-automation/WORKFLOW_AUTOMATION_DIRECTORY_AUDIT.md
[2026-03-01T23:39:59.715Z] Archived 29 outdated files
[2026-03-01T23:39:59.715Z] Phase 7: Generating Report
[2026-03-01T23:39:59.715Z] Generating optimization report...
[2026-03-01T23:39:59.716Z] Report saved: /home/mpb/Documents/GitHub/guia_turistico/.ai_workflow/archive/docs/20260301_203959/optimization_report.md
[2026-03-01T23:39:59.716Z] 
📊 Optimization Complete!
═══════════════════════
  Files analyzed: 386
  Files optimized: 29
  Size saved: 0KB (0%)
  Token savings: ~0

[2026-03-01T23:39:59.716Z] 
Full report: /home/mpb/Documents/GitHub/guia_turistico/.ai_workflow/archive/docs/20260301_203959/optimization_report.md
[2026-03-01T23:39:59.716Z] ✓ Workflow complete (31s)
[2026-03-01T23:39:59.716Z] ✓ Step step_02_5 completed in 31323ms
[2026-03-01T23:39:59.716Z] [DEBUG] [Performance] step_02_5: 31.3s
[2026-03-01T23:39:59.716Z] ✗ [CRITICAL] Operation 'step_02_5' took 31.3s (memory: 61.93MB)
[2026-03-01T23:39:59.716Z] [DEBUG] Recorded outcome for step_02_5: success
[2026-03-01T23:39:59.716Z] ✓ Completed: Documentation Optimization (31s)
