[2026-03-01T23:33:42.995Z] 
→ Starting: Pre-Analysis
[2026-03-01T23:33:42.995Z] ════════════════════════════════════════════════════════════
[2026-03-01T23:33:42.995Z] 🔷  Step 0: Pre-Analysis - Analyzing Recent Changes
[2026-03-01T23:33:42.995Z] ════════════════════════════════════════════════════════════
[2026-03-01T23:33:43.021Z] Commits ahead of remote: 0
[2026-03-01T23:33:43.021Z] Modified files: 179
[2026-03-01T23:33:43.024Z] ✓ Project kind from config: location_based_service (configured)
[2026-03-01T23:33:43.109Z] ✓ Pre-analysis complete:
  • Commits ahead: 0
  • Modified files: 179
  • Change scope: full-stack
  • Documentation: 11 files
  • Tests: 4 files
  • Source: 2 files
  • Config: 3 files
  • Project kind: location_based_service (100% confidence)

[2026-03-01T23:33:43.114Z] ✓ Step step_00 completed in 119ms
[2026-03-01T23:33:43.114Z] [DEBUG] [Performance] step_00: 119ms
[2026-03-01T23:33:43.114Z] [DEBUG] Recorded outcome for step_00: success
[2026-03-01T23:33:43.114Z] ✓ Completed: Pre-Analysis (0s)
