[2026-03-01T23:33:43.122Z] 
→ Starting: Documentation Updates
[2026-03-01T23:33:43.122Z] ════════════════════════════════════════════════════════════
[2026-03-01T23:33:43.122Z] 🔷  Step 1: AI-Powered Documentation Updates
[2026-03-01T23:33:43.122Z] ════════════════════════════════════════════════════════════
[2026-03-01T23:33:43.122Z] Changed files detected: 21 files
[2026-03-01T23:33:43.123Z] Classification: 11 docs, 3 source, 1 tests
[2026-03-01T23:33:43.123Z] Checking documentation changes (incremental mode)...
[2026-03-01T23:33:43.123Z] Step1: No cache found, starting fresh
[2026-03-01T23:33:43.123Z] [DEBUG] Step1: File no longer exists (skip): .github/actions/README.md
[2026-03-01T23:33:43.123Z] [DEBUG] Step1: File no longer exists (skip): .github/actions/detect-affected-tests/README.md
[2026-03-01T23:33:43.123Z] [DEBUG] Step1: File no longer exists (skip): .github/actions/security-check/README.md
[2026-03-01T23:33:43.123Z] [DEBUG] Step1: File no longer exists (skip): .github/actions/update-doc-index/README.md
[2026-03-01T23:33:43.123Z] [DEBUG] Step1: File no longer exists (skip): .github/actions/update-test-docs/README.md
[2026-03-01T23:33:43.123Z] [DEBUG] Step1: File no longer exists (skip): __tests__/__mocks__/README.md
[2026-03-01T23:33:43.123Z] [DEBUG] Step1: File no longer exists (skip): __tests__/helpers/README.md
[2026-03-01T23:33:43.123Z] [DEBUG] Step1: File no longer exists (skip): __tests__/services/providers/README.md
[2026-03-01T23:33:43.123Z] [DEBUG] Step1: File no longer exists (skip): docs/reports/analysis/README.md
[2026-03-01T23:33:43.123Z] [DEBUG] Step1: File no longer exists (skip): docs/reports/bugfixes/README.md
[2026-03-01T23:33:43.123Z] [DEBUG] Step1: File no longer exists (skip): src/services/providers/README.md
[2026-03-01T23:33:43.123Z] Step1: Detected 0 changed files, 0 unchanged
[2026-03-01T23:33:43.123Z] ✓ All documentation files unchanged - skipping AI analysis
[2026-03-01T23:33:43.123Z] ✓ Step step_01 completed in 1ms
[2026-03-01T23:33:43.124Z] [DEBUG] [Performance] step_01: 1ms
[2026-03-01T23:33:43.124Z] [DEBUG] Recorded outcome for step_01: success
[2026-03-01T23:33:43.124Z] ✓ Completed: Documentation Updates (0s)
