================================================================================
WORKFLOW EXECUTION LOG
================================================================================
Workflow ID: workflow_20251231_182442
Script Version: 2.3.0
Started: 2025-12-31 18:24:43
Mode: INTERACTIVE
Steps: all
Workflow Home: /home/mpb/Documents/GitHub/ai_workflow
Project Root: /home/mpb/Documents/GitHub/guia_js (target project)

================================================================================
EXECUTION LOG
================================================================================

[2025-12-31 18:24:43] [INFO] Starting pre-flight system checks
[2025-12-31 18:24:43] [SUCCESS] Project root validated: /home/mpb/Documents/GitHub/guia_js
[2025-12-31 18:24:43] [SUCCESS] Source directory validated: /home/mpb/Documents/GitHub/guia_js/src
[2025-12-31 18:24:43] [INFO] Tech stack: nodejs
[2025-12-31 18:24:43] [SUCCESS] package.json found
[2025-12-31 18:24:43] [SUCCESS] Node.js detected: v25.2.1
[2025-12-31 18:24:43] [SUCCESS] npm detected: 11.7.0
[2025-12-31 18:24:43] [SUCCESS] Git repository validated
[2025-12-31 18:24:43] [INFO] Staged all uncommitted changes
[2025-12-31 18:24:43] [SUCCESS] docs directory found
[2025-12-31 18:24:43] [SUCCESS] tree command available
[2025-12-31 18:24:43] [SUCCESS] All pre-flight checks PASSED
[2025-12-31 18:24:43] [INFO] Starting dependency validation
[2025-12-31 18:24:43] [INFO] Tech stack: nodejs
[2025-12-31 18:24:43] [INFO] Node.js project - checking npm dependencies
[2025-12-31 18:24:43] [SUCCESS] node_modules directory exists
[2025-12-31 18:24:43] [SUCCESS] Jest detected in node_modules
[2025-12-31 18:24:43] [SUCCESS] Dependency validation completed
[2025-12-31 18:24:44] [INFO] Loaded tech stack config: javascript/npm
[2025-12-31 18:24:44] [INFO] Analyzing change impact for optimization
[2025-12-31 18:24:44] [INFO] Change impact: LOW (docs only)
[2025-12-31 18:24:44] [INFO] Cleaned up 7 checkpoints older than 7 days
[2025-12-31 18:24:44] [INFO] Starting workflow execution
[2025-12-31 18:24:44] [INFO] Execution mode: INTERACTIVE
[2025-12-31 18:24:44] [INFO] Change impact level: Low
[2025-12-31 18:24:44] [INFO] Step selection: all
[2025-12-31 18:24:44] [STEP] ========== Step 0: Pre-Analysis ==========
[2025-12-31 18:24:44] [INFO] Step 0 started
[2025-12-31 18:24:46] [INFO] Step step0 status updated: ✅
[2025-12-31 18:24:46] [INFO] Step 0 status updated: ✅
[2025-12-31 18:24:46] [INFO] Checkpoint saved: Step 0 completed
[2025-12-31 18:24:46] [STEP] ========== Step 1: Documentation Updates ==========
[2025-12-31 18:24:46] [INFO] Step 1 started
[2025-12-31 18:26:00] [INFO] Step 1 status updated: ✅
[2025-12-31 18:26:00] [INFO] Checkpoint saved: Step 1 completed
[2025-12-31 18:26:00] [STEP] ========== Step 2: Consistency Analysis ==========
[2025-12-31 18:26:00] [INFO] Step 2 started
[2025-12-31 18:30:23] [INFO] Step step2 status updated: ✅
[2025-12-31 18:30:23] [INFO] Step 2 status updated: ✅
[2025-12-31 18:30:23] [INFO] Checkpoint saved: Step 2 completed
[2025-12-31 18:30:23] [STEP] ========== Step 3: Script Reference Validation ==========
[2025-12-31 18:30:23] [INFO] Step 3 started
[2025-12-31 18:36:15] [INFO] Step step3 status updated: ✅
[2025-12-31 18:36:15] [INFO] Step 3 status updated: ✅
[2025-12-31 18:36:15] [INFO] Checkpoint saved: Step 3 completed
[2025-12-31 18:36:15] [STEP] ========== Step 4: Directory Structure Validation ==========
[2025-12-31 18:36:15] [INFO] Step 4 started
[2025-12-31 18:40:29] [INFO] Step step4 status updated: ✅
[2025-12-31 18:40:29] [INFO] Step 4 status updated: ✅
[2025-12-31 18:40:29] [INFO] Checkpoint saved: Step 4 completed
[2025-12-31 18:40:29] [INFO] Step 5 skipped - Low impact (docs only)
[2025-12-31 18:40:29] [INFO] Step 5 skipped - Low impact (no code/test changes)
[2025-12-31 18:40:29] [INFO] Step 6 skipped - Low impact (docs only)
[2025-12-31 18:40:29] [INFO] Step 6 skipped - Low impact (no code changes)
[2025-12-31 18:40:29] [INFO] Step 7 skipped - Low impact (docs only)
[2025-12-31 18:40:29] [INFO] Step 7 skipped - Low impact (no code/test changes)
[2025-12-31 18:40:29] [INFO] Step 8 skipped - Low impact (dependencies unchanged)
[2025-12-31 18:40:29] [INFO] Step 8 skipped - Low impact (dependencies unchanged)
[2025-12-31 18:40:29] [INFO] Step 9 skipped - Low impact (docs only)
[2025-12-31 18:40:29] [INFO] Step 9 skipped - Low impact (no code changes)
[2025-12-31 18:40:29] [STEP] ========== Step 10: Context Analysis ==========
[2025-12-31 18:40:29] [INFO] Step 10 started
[2025-12-31 18:43:26] [INFO] Step step10 status updated: ✅
[2025-12-31 18:43:26] [INFO] Step 10 status updated: ✅
[2025-12-31 18:43:26] [INFO] Checkpoint saved: Step 10 completed
[2025-12-31 18:43:26] [STEP] ========== Step 12: Markdown Linting ==========
[2025-12-31 18:43:26] [INFO] Step 12 started
[2025-12-31 18:43:57] [INFO] Step 12 status updated: ✅
[2025-12-31 18:43:57] [INFO] Checkpoint saved: Step 12 completed
[2025-12-31 18:43:57] [STEP] ========== Step 13: Prompt Engineer Analysis ==========
[2025-12-31 18:43:57] [INFO] Step 13 started
[2025-12-31 18:43:57] [INFO] Step step13 status updated: ⏭️ SKIP
[2025-12-31 18:43:57] [INFO] Checkpoint saved: Step 13 completed
[2025-12-31 18:43:57] [STEP] ========== Step 14: UX Analysis ==========
[2025-12-31 18:43:57] [INFO] Step 14 started
[2025-12-31 18:43:58] [INFO] Checkpoint saved: Step 14 completed
[2025-12-31 18:43:58] [STEP] ========== Step 11: Git Finalization ==========
[2025-12-31 18:43:58] [INFO] Step 11 started
