[2026-02-28T23:32:21.258Z] 
→ Starting: Bootstrap Documentation
[2026-02-28T23:32:21.259Z] [DEBUG] Step0bBootstrapDocs.execute()
[2026-02-28T23:32:21.259Z] ════════════════════════════════════════════════════════════
[2026-02-28T23:32:21.259Z] 🔷  Step 0b: Documentation Gap Analysis and Generation
[2026-02-28T23:32:21.259Z] ════════════════════════════════════════════════════════════
[2026-02-28T23:32:21.259Z] Phase 1: Gathering project statistics...
[2026-02-28T23:32:21.259Z] [DEBUG] Gathering project statistics by scanning files...
[2026-02-28T23:32:21.259Z] [DEBUG] Listing all files in the project directory...
[2026-02-28T23:32:21.259Z] [DEBUG] Project root: /home/mpb/Documents/GitHub/guia_turistico
[2026-02-28T23:32:21.265Z] [DEBUG] Total files found: 1079
[2026-02-28T23:32:21.265Z] [DEBUG] Converting to relative paths...
[2026-02-28T23:32:21.268Z] Project has 429 documentation files and 315 source files
[2026-02-28T23:32:21.268Z] README.md size: 56236 bytes, Has CHANGELOG: true, Has docs/ directory: true
[2026-02-28T23:32:21.268Z] Phase 2: Evaluating documentation coverage...
[2026-02-28T23:32:21.268Z] Step 0b: Documentation coverage adequate - no bootstrap needed
[2026-02-28T23:32:21.269Z] ✓ Step step_0b completed in 11ms
[2026-02-28T23:32:21.269Z] [DEBUG] [Performance] step_0b: 11ms
[2026-02-28T23:32:21.269Z] [DEBUG] Recorded outcome for step_0b: success
[2026-02-28T23:32:21.269Z] ✓ Completed: Bootstrap Documentation (0s)
