[2026-02-28T23:32:21.143Z] 
→ Starting: Pre-Analysis
[2026-02-28T23:32:21.143Z] ════════════════════════════════════════════════════════════
[2026-02-28T23:32:21.143Z] 🔷  Step 0: Pre-Analysis - Analyzing Recent Changes
[2026-02-28T23:32:21.143Z] ════════════════════════════════════════════════════════════
[2026-02-28T23:32:21.169Z] Commits ahead of remote: 0
[2026-02-28T23:32:21.169Z] Modified files: 25
[2026-02-28T23:32:21.172Z] ✓ Project kind from config: location_based_service (configured)
[2026-02-28T23:32:21.253Z] ✓ Pre-analysis complete:
  • Commits ahead: 0
  • Modified files: 25
  • Change scope: full-stack
  • Documentation: 5 files
  • Tests: 12 files
  • Source: 7 files
  • Config: 1 files
  • Project kind: location_based_service (100% confidence)

[2026-02-28T23:32:21.257Z] ✓ Step step_00 completed in 114ms
[2026-02-28T23:32:21.258Z] [DEBUG] [Performance] step_00: 114ms
[2026-02-28T23:32:21.258Z] [DEBUG] Recorded outcome for step_00: success
[2026-02-28T23:32:21.258Z] ✓ Completed: Pre-Analysis (0s)
