[2026-03-01T23:47:27.026Z] 
→ Starting: Pre-Analysis
[2026-03-01T23:47:27.027Z] ════════════════════════════════════════════════════════════
[2026-03-01T23:47:27.027Z] 🔷  Step 0: Pre-Analysis - Analyzing Recent Changes
[2026-03-01T23:47:27.027Z] ════════════════════════════════════════════════════════════
[2026-03-01T23:47:27.052Z] Commits ahead of remote: 0
[2026-03-01T23:47:27.052Z] Modified files: 3
[2026-03-01T23:47:27.059Z] ✓ Project kind from config: location_based_service (configured)
[2026-03-01T23:47:27.144Z] ✓ Pre-analysis complete:
  • Commits ahead: 0
  • Modified files: 3
  • Change scope: mixed-changes
  • Documentation: 0 files
  • Tests: 0 files
  • Source: 0 files
  • Config: 0 files
  • Project kind: location_based_service (100% confidence)

[2026-03-01T23:47:27.149Z] ✓ Step step_00 completed in 123ms
[2026-03-01T23:47:27.149Z] [DEBUG] [Performance] step_00: 123ms
[2026-03-01T23:47:27.150Z] [DEBUG] Recorded outcome for step_00: success
[2026-03-01T23:47:27.150Z] ✓ Completed: Pre-Analysis (0s)
