[2026-03-01T23:47:27.150Z] 
→ Starting: Bootstrap Documentation
[2026-03-01T23:47:27.150Z] [DEBUG] Step0bBootstrapDocs.execute()
[2026-03-01T23:47:27.150Z] ════════════════════════════════════════════════════════════
[2026-03-01T23:47:27.150Z] 🔷  Step 0b: Documentation Gap Analysis and Generation
[2026-03-01T23:47:27.150Z] ════════════════════════════════════════════════════════════
[2026-03-01T23:47:27.150Z] Phase 1: Gathering project statistics...
[2026-03-01T23:47:27.150Z] [DEBUG] Gathering project statistics by scanning files...
[2026-03-01T23:47:27.150Z] [DEBUG] Listing all files in the project directory...
[2026-03-01T23:47:27.150Z] [DEBUG] Project root: /home/mpb/Documents/GitHub/guia_turistico
[2026-03-01T23:47:27.156Z] [DEBUG] Total files found: 1099
[2026-03-01T23:47:27.156Z] [DEBUG] Converting to relative paths...
[2026-03-01T23:47:27.158Z] Project has 442 documentation files and 323 source files
[2026-03-01T23:47:27.158Z] README.md size: 56236 bytes, Has CHANGELOG: true, Has docs/ directory: true
[2026-03-01T23:47:27.158Z] Phase 2: Evaluating documentation coverage...
[2026-03-01T23:47:27.158Z] Step 0b: Documentation coverage adequate - no bootstrap needed
[2026-03-01T23:47:27.158Z] ✓ Step step_0b completed in 8ms
[2026-03-01T23:47:27.158Z] [DEBUG] [Performance] step_0b: 8ms
[2026-03-01T23:47:27.158Z] [DEBUG] Recorded outcome for step_0b: success
[2026-03-01T23:47:27.158Z] ✓ Completed: Bootstrap Documentation (0s)
