[2026-03-01T23:47:38.070Z] 
→ Starting: Documentation Optimization
[2026-03-01T23:47:38.070Z] Documentation optimization initialized
[2026-03-01T23:47:38.070Z] ════════════════════════════════════════════════════════════
[2026-03-01T23:47:38.070Z] 🔷  Step 2.5: Documentation Optimization
[2026-03-01T23:47:38.070Z] ════════════════════════════════════════════════════════════
[2026-03-01T23:47:38.073Z] Phase 1: Heuristics Analysis (386 files)
[2026-03-01T23:47:38.092Z] Calculating content hashes...
[2026-03-01T23:47:38.100Z] Found 0 duplicate groups (0 redundant files)
[2026-03-01T23:47:38.100Z] Analyzing document similarity...
[2026-03-01T23:48:01.995Z] Found 0 redundant pairs above 80% similarity
[2026-03-01T23:48:01.995Z] Found 0 exact duplicates, 0 redundant pairs
[2026-03-01T23:48:01.995Z] Phase 2: Git History Analysis
[2026-03-01T23:48:01.995Z] Analyzing git history for 386 files...
[2026-03-01T23:48:09.432Z] Completed git analysis for 386 files
[2026-03-01T23:48:09.433Z] Found 0 outdated files
[2026-03-01T23:48:09.433Z] Phase 3: Version Reference Analysis
[2026-03-01T23:48:09.434Z] Detected version from package.json: 0.11.6-alpha
[2026-03-01T23:48:09.434Z] Analyzing version references in 386 files (current: 0.11.6-alpha)...
[2026-03-01T23:48:09.464Z] Completed version analysis for 386 files
[2026-03-01T23:48:09.464Z] Version analysis complete (29 total outdated)
[2026-03-01T23:48:09.464Z] Phase 4: AI Edge Case Analysis (skipped - no AI analyzer)
[2026-03-01T23:48:09.464Z] Phase 5: Optimization Summary
[2026-03-01T23:48:09.464Z] 
📊 Analysis Results:
───────────────────
  Total files analyzed: 386
  Exact duplicates: 0
  Redundant pairs: 0
  Outdated files: 29
  Files to optimize: 29

[2026-03-01T23:48:09.464Z] Phase 6: Applying Optimizations
[2026-03-01T23:48:09.464Z] Consolidating 0 duplicate groups...
[2026-03-01T23:48:09.465Z] Created archive: /home/mpb/Documents/GitHub/guia_turistico/.ai_workflow/archive/docs/20260301_204809
[2026-03-01T23:48:09.465Z] Consolidation complete: 0 removed, 0 kept
[2026-03-01T23:48:09.465Z] Archiving 29 outdated files...
[2026-03-01T23:48:09.465Z] Created archive: /home/mpb/Documents/GitHub/guia_turistico/.ai_workflow/archive/docs/20260301_204809
[2026-03-01T23:48:09.466Z] Archived: /home/mpb/Documents/GitHub/guia_turistico/docs/INDEX.md
[2026-03-01T23:48:09.466Z] Archived outdated: /home/mpb/Documents/GitHub/guia_turistico/docs/INDEX.md
[2026-03-01T23:48:09.466Z] Archived: /home/mpb/Documents/GitHub/guia_turistico/docs/architecture/COMPREHENSIVE_GUIDE.md
[2026-03-01T23:48:09.466Z] Archived outdated: /home/mpb/Documents/GitHub/guia_turistico/docs/architecture/COMPREHENSIVE_GUIDE.md
[2026-03-01T23:48:09.466Z] Archived: /home/mpb/Documents/GitHub/guia_turistico/docs/guides/IBIRA_INTEGRATION.md
[2026-03-01T23:48:09.466Z] Archived outdated: /home/mpb/Documents/GitHub/guia_turistico/docs/guides/IBIRA_INTEGRATION.md
[2026-03-01T23:48:09.466Z] Archived: /home/mpb/Documents/GitHub/guia_turistico/docs/guides/JEST_COMMONJS_ES6_GUIDE.md
[2026-03-01T23:48:09.466Z] Archived outdated: /home/mpb/Documents/GitHub/guia_turistico/docs/guides/JEST_COMMONJS_ES6_GUIDE.md
[2026-03-01T23:48:09.467Z] Archived: /home/mpb/Documents/GitHub/guia_turistico/docs/guides/JSDOC_GUIDE.md
[2026-03-01T23:48:09.467Z] Archived outdated: /home/mpb/Documents/GitHub/guia_turistico/docs/guides/JSDOC_GUIDE.md
[2026-03-01T23:48:09.467Z] Archived: /home/mpb/Documents/GitHub/guia_turistico/docs/guides/QUICK_START.md
[2026-03-01T23:48:09.467Z] Archived outdated: /home/mpb/Documents/GitHub/guia_turistico/docs/guides/QUICK_START.md
[2026-03-01T23:48:09.467Z] Archived: /home/mpb/Documents/GitHub/guia_turistico/docs/infrastructure/GIT_HOOKS_INVESTIGATION.md
[2026-03-01T23:48:09.467Z] Archived outdated: /home/mpb/Documents/GitHub/guia_turistico/docs/infrastructure/GIT_HOOKS_INVESTIGATION.md
[2026-03-01T23:48:09.467Z] Archived: /home/mpb/Documents/GitHub/guia_turistico/docs/maintenance/dependency-audit-2026-02-13/ACTIONS_TAKEN.md
[2026-03-01T23:48:09.467Z] Archived outdated: /home/mpb/Documents/GitHub/guia_turistico/docs/maintenance/dependency-audit-2026-02-13/ACTIONS_TAKEN.md
[2026-03-01T23:48:09.498Z] Archived: /home/mpb/Documents/GitHub/guia_turistico/docs/maintenance/dependency-audit-2026-02-13/DEPENDENCY_ROADMAP.md
[2026-03-01T23:48:09.498Z] Archived outdated: /home/mpb/Documents/GitHub/guia_turistico/docs/maintenance/dependency-audit-2026-02-13/DEPENDENCY_ROADMAP.md
[2026-03-01T23:48:09.499Z] Archived: /home/mpb/Documents/GitHub/guia_turistico/docs/maintenance/dependency-audit-2026-02-13/EXECUTIVE_SUMMARY.md
[2026-03-01T23:48:09.499Z] Archived outdated: /home/mpb/Documents/GitHub/guia_turistico/docs/maintenance/dependency-audit-2026-02-13/EXECUTIVE_SUMMARY.md
[2026-03-01T23:48:09.499Z] Archived: /home/mpb/Documents/GitHub/guia_turistico/docs/maintenance/dependency-audit-2026-02-13/README.md
[2026-03-01T23:48:09.499Z] Archived outdated: /home/mpb/Documents/GitHub/guia_turistico/docs/maintenance/dependency-audit-2026-02-13/README.md
[2026-03-01T23:48:09.499Z] Archived: /home/mpb/Documents/GitHub/guia_turistico/docs/maintenance/dependency-audit-2026-02-13/dependency_analysis_report.md
[2026-03-01T23:48:09.499Z] Archived outdated: /home/mpb/Documents/GitHub/guia_turistico/docs/maintenance/dependency-audit-2026-02-13/dependency_analysis_report.md
[2026-03-01T23:48:09.500Z] Archived: /home/mpb/Documents/GitHub/guia_turistico/docs/reports/DOCS_MISC_DIRECTORY_AUDIT.md
[2026-03-01T23:48:09.500Z] Archived outdated: /home/mpb/Documents/GitHub/guia_turistico/docs/reports/DOCS_MISC_DIRECTORY_AUDIT.md
[2026-03-01T23:48:09.500Z] Archived: /home/mpb/Documents/GitHub/guia_turistico/docs/reports/DOCUMENTATION_AUDIT_FIXES_SUMMARY.md
[2026-03-01T23:48:09.500Z] Archived outdated: /home/mpb/Documents/GitHub/guia_turistico/docs/reports/DOCUMENTATION_AUDIT_FIXES_SUMMARY.md
[2026-03-01T23:48:09.501Z] Archived: /home/mpb/Documents/GitHub/guia_turistico/docs/reports/E2E_TESTS_DOCUMENTATION_AUDIT.md
[2026-03-01T23:48:09.501Z] Archived outdated: /home/mpb/Documents/GitHub/guia_turistico/docs/reports/E2E_TESTS_DOCUMENTATION_AUDIT.md
[2026-03-01T23:48:09.501Z] Archived: /home/mpb/Documents/GitHub/guia_turistico/docs/reports/REPORTS_DIRECTORY_AUDIT.md
[2026-03-01T23:48:09.501Z] Archived outdated: /home/mpb/Documents/GitHub/guia_turistico/docs/reports/REPORTS_DIRECTORY_AUDIT.md
[2026-03-01T23:48:09.501Z] Archived: /home/mpb/Documents/GitHub/guia_turistico/docs/reports/SOURCE_DIRECTORY_STRUCTURE_AUDIT.md
[2026-03-01T23:48:09.501Z] Archived outdated: /home/mpb/Documents/GitHub/guia_turistico/docs/reports/SOURCE_DIRECTORY_STRUCTURE_AUDIT.md
[2026-03-01T23:48:09.502Z] Archived: /home/mpb/Documents/GitHub/guia_turistico/docs/reports/VENV_DIRECTORY_INVESTIGATION.md
[2026-03-01T23:48:09.502Z] Archived outdated: /home/mpb/Documents/GitHub/guia_turistico/docs/reports/VENV_DIRECTORY_INVESTIGATION.md
[2026-03-01T23:48:09.524Z] Archived: /home/mpb/Documents/GitHub/guia_turistico/docs/reports/analysis/DOCUMENTATION_STATISTICS_REPORT.md
[2026-03-01T23:48:09.524Z] Archived outdated: /home/mpb/Documents/GitHub/guia_turistico/docs/reports/analysis/DOCUMENTATION_STATISTICS_REPORT.md
[2026-03-01T23:48:09.524Z] Archived: /home/mpb/Documents/GitHub/guia_turistico/docs/reports/bugfixes/DOCUMENTATION_FIXES_SUMMARY.md
[2026-03-01T23:48:09.524Z] Archived outdated: /home/mpb/Documents/GitHub/guia_turistico/docs/reports/bugfixes/DOCUMENTATION_FIXES_SUMMARY.md
[2026-03-01T23:48:09.524Z] Archived: /home/mpb/Documents/GitHub/guia_turistico/docs/reports/implementation/AUTOMATION_IMPLEMENTATION_SUMMARY.md
[2026-03-01T23:48:09.524Z] Archived outdated: /home/mpb/Documents/GitHub/guia_turistico/docs/reports/implementation/AUTOMATION_IMPLEMENTATION_SUMMARY.md
[2026-03-01T23:48:09.524Z] Archived: /home/mpb/Documents/GitHub/guia_turistico/docs/reports/implementation/COMPLETE_SESSION_SUMMARY.md
[2026-03-01T23:48:09.524Z] Archived outdated: /home/mpb/Documents/GitHub/guia_turistico/docs/reports/implementation/COMPLETE_SESSION_SUMMARY.md
[2026-03-01T23:48:09.525Z] Archived: /home/mpb/Documents/GitHub/guia_turistico/docs/reports/implementation/DOCUMENTATION_AUDIT_COMPLETE_2026-01-01.md
[2026-03-01T23:48:09.525Z] Archived outdated: /home/mpb/Documents/GitHub/guia_turistico/docs/reports/implementation/DOCUMENTATION_AUDIT_COMPLETE_2026-01-01.md
[2026-03-01T23:48:09.525Z] Archived: /home/mpb/Documents/GitHub/guia_turistico/docs/reports/implementation/DOCUMENTATION_IMPROVEMENTS_2026-01-01.md
[2026-03-01T23:48:09.525Z] Archived outdated: /home/mpb/Documents/GitHub/guia_turistico/docs/reports/implementation/DOCUMENTATION_IMPROVEMENTS_2026-01-01.md
[2026-03-01T23:48:09.525Z] Archived: /home/mpb/Documents/GitHub/guia_turistico/docs/reports/implementation/FINAL_COMPLETE_SUMMARY.md
[2026-03-01T23:48:09.525Z] Archived outdated: /home/mpb/Documents/GitHub/guia_turistico/docs/reports/implementation/FINAL_COMPLETE_SUMMARY.md
[2026-03-01T23:48:09.525Z] Archived: /home/mpb/Documents/GitHub/guia_turistico/docs/reports/implementation/IBIRA_VERSION_UPDATE.md
[2026-03-01T23:48:09.525Z] Archived outdated: /home/mpb/Documents/GitHub/guia_turistico/docs/reports/implementation/IBIRA_VERSION_UPDATE.md
[2026-03-01T23:48:09.525Z] Archived: /home/mpb/Documents/GitHub/guia_turistico/docs/reports/implementation/PHASE2_TIMER_LEAK_BROWSER_UI.md
[2026-03-01T23:48:09.525Z] Archived outdated: /home/mpb/Documents/GitHub/guia_turistico/docs/reports/implementation/PHASE2_TIMER_LEAK_BROWSER_UI.md
[2026-03-01T23:48:09.526Z] Archived: /home/mpb/Documents/GitHub/guia_turistico/docs/workflow-automation/AUTOMATION_RECOMMENDATIONS.md
[2026-03-01T23:48:09.526Z] Archived outdated: /home/mpb/Documents/GitHub/guia_turistico/docs/workflow-automation/AUTOMATION_RECOMMENDATIONS.md
[2026-03-01T23:48:09.526Z] Archived: /home/mpb/Documents/GitHub/guia_turistico/docs/workflow-automation/WORKFLOW_AUTOMATION_DIRECTORY_AUDIT.md
[2026-03-01T23:48:09.526Z] Archived outdated: /home/mpb/Documents/GitHub/guia_turistico/docs/workflow-automation/WORKFLOW_AUTOMATION_DIRECTORY_AUDIT.md
[2026-03-01T23:48:09.526Z] Archived 29 outdated files
[2026-03-01T23:48:09.526Z] Phase 7: Generating Report
[2026-03-01T23:48:09.526Z] Generating optimization report...
[2026-03-01T23:48:09.527Z] Report saved: /home/mpb/Documents/GitHub/guia_turistico/.ai_workflow/archive/docs/20260301_204809/optimization_report.md
[2026-03-01T23:48:09.527Z] 
📊 Optimization Complete!
═══════════════════════
  Files analyzed: 386
  Files optimized: 29
  Size saved: 0KB (0%)
  Token savings: ~0

[2026-03-01T23:48:09.527Z] 
Full report: /home/mpb/Documents/GitHub/guia_turistico/.ai_workflow/archive/docs/20260301_204809/optimization_report.md
[2026-03-01T23:48:09.527Z] ✓ Workflow complete (31s)
[2026-03-01T23:48:09.527Z] ✓ Step step_02_5 completed in 31457ms
[2026-03-01T23:48:09.527Z] [DEBUG] [Performance] step_02_5: 31.5s
[2026-03-01T23:48:09.527Z] ✗ [CRITICAL] Operation 'step_02_5' took 31.5s (memory: 87.97MB)
[2026-03-01T23:48:09.527Z] [DEBUG] Recorded outcome for step_02_5: success
[2026-03-01T23:48:09.527Z] ✓ Completed: Documentation Optimization (31s)
