[2026-02-28T23:17:43.229Z] 
→ Starting: Bootstrap Documentation
[2026-02-28T23:17:43.229Z] [DEBUG] Step0bBootstrapDocs.execute()
[2026-02-28T23:17:43.229Z] ════════════════════════════════════════════════════════════
[2026-02-28T23:17:43.229Z] 🔷  Step 0b: Documentation Gap Analysis and Generation
[2026-02-28T23:17:43.229Z] ════════════════════════════════════════════════════════════
[2026-02-28T23:17:43.229Z] Phase 1: Gathering project statistics...
[2026-02-28T23:17:43.229Z] [DEBUG] Gathering project statistics by scanning files...
[2026-02-28T23:17:43.229Z] [DEBUG] Listing all files in the project directory...
[2026-02-28T23:17:43.229Z] [DEBUG] Project root: /home/mpb/Documents/GitHub/guia_turistico
[2026-02-28T23:17:43.236Z] [DEBUG] Total files found: 1074
[2026-02-28T23:17:43.236Z] [DEBUG] Converting to relative paths...
[2026-02-28T23:17:43.239Z] Project has 429 documentation files and 310 source files
[2026-02-28T23:17:43.239Z] README.md size: 56236 bytes, Has CHANGELOG: true, Has docs/ directory: true
[2026-02-28T23:17:43.239Z] Phase 2: Evaluating documentation coverage...
[2026-02-28T23:17:43.239Z] Step 0b: Documentation coverage adequate - no bootstrap needed
[2026-02-28T23:17:43.240Z] ✓ Step step_0b completed in 11ms
[2026-02-28T23:17:43.240Z] [DEBUG] [Performance] step_0b: 12ms
[2026-02-28T23:17:43.240Z] [DEBUG] Recorded outcome for step_0b: success
[2026-02-28T23:17:43.240Z] ✓ Completed: Bootstrap Documentation (0s)
