[2026-02-28T23:17:43.107Z] 
→ Starting: Pre-Analysis
[2026-02-28T23:17:43.107Z] ════════════════════════════════════════════════════════════
[2026-02-28T23:17:43.107Z] 🔷  Step 0: Pre-Analysis - Analyzing Recent Changes
[2026-02-28T23:17:43.107Z] ════════════════════════════════════════════════════════════
[2026-02-28T23:17:43.134Z] Commits ahead of remote: 0
[2026-02-28T23:17:43.134Z] Modified files: 20
[2026-02-28T23:17:43.140Z] ✓ Project kind from config: location_based_service (configured)
[2026-02-28T23:17:43.224Z] ✓ Pre-analysis complete:
  • Commits ahead: 0
  • Modified files: 20
  • Change scope: full-stack
  • Documentation: 5 files
  • Tests: 7 files
  • Source: 7 files
  • Config: 1 files
  • Project kind: location_based_service (100% confidence)

[2026-02-28T23:17:43.228Z] ✓ Step step_00 completed in 122ms
[2026-02-28T23:17:43.228Z] [DEBUG] [Performance] step_00: 122ms
[2026-02-28T23:17:43.228Z] [DEBUG] Recorded outcome for step_00: success
[2026-02-28T23:17:43.228Z] ✓ Completed: Pre-Analysis (0s)
