[2026-03-02T18:39:14.055Z] 
→ Starting: Documentation Optimization
[2026-03-02T18:39:14.055Z] Documentation optimization initialized
[2026-03-02T18:39:14.055Z] ════════════════════════════════════════════════════════════
[2026-03-02T18:39:14.055Z] 🔷  Step 2.5: Documentation Optimization
[2026-03-02T18:39:14.055Z] ════════════════════════════════════════════════════════════
[2026-03-02T18:39:14.057Z] Phase 1: Heuristics Analysis (386 files)
[2026-03-02T18:39:14.081Z] Calculating content hashes...
[2026-03-02T18:39:14.089Z] Found 0 duplicate groups (0 redundant files)
[2026-03-02T18:39:14.089Z] Analyzing document similarity...
[2026-03-02T18:39:37.934Z] Found 0 redundant pairs above 80% similarity
[2026-03-02T18:39:37.934Z] Found 0 exact duplicates, 0 redundant pairs
[2026-03-02T18:39:37.934Z] Phase 2: Git History Analysis
[2026-03-02T18:39:37.934Z] Analyzing git history for 386 files...
[2026-03-02T18:39:45.526Z] Completed git analysis for 386 files
[2026-03-02T18:39:45.527Z] Found 0 outdated files
[2026-03-02T18:39:45.527Z] Phase 3: Version Reference Analysis
[2026-03-02T18:39:45.528Z] Detected version from package.json: 0.11.8-alpha
[2026-03-02T18:39:45.528Z] Analyzing version references in 386 files (current: 0.11.8-alpha)...
[2026-03-02T18:39:45.565Z] Completed version analysis for 386 files
[2026-03-02T18:39:45.565Z] Version analysis complete (29 total outdated)
[2026-03-02T18:39:45.566Z] Phase 4: AI Edge Case Analysis (skipped - no AI analyzer)
[2026-03-02T18:39:45.566Z] Phase 5: Optimization Summary
[2026-03-02T18:39:45.566Z] 
📊 Analysis Results:
───────────────────
  Total files analyzed: 386
  Exact duplicates: 0
  Redundant pairs: 0
  Outdated files: 29
  Files to optimize: 29

[2026-03-02T18:39:45.566Z] Phase 6: Applying Optimizations
[2026-03-02T18:39:45.566Z] Consolidating 0 duplicate groups...
[2026-03-02T18:39:45.566Z] Created archive: /home/mpb/Documents/GitHub/guia_turistico/.ai_workflow/archive/docs/20260302_153945
[2026-03-02T18:39:45.566Z] Consolidation complete: 0 removed, 0 kept
[2026-03-02T18:39:45.566Z] Archiving 29 outdated files...
[2026-03-02T18:39:45.566Z] Created archive: /home/mpb/Documents/GitHub/guia_turistico/.ai_workflow/archive/docs/20260302_153945
[2026-03-02T18:39:45.567Z] Archived: /home/mpb/Documents/GitHub/guia_turistico/docs/INDEX.md
[2026-03-02T18:39:45.567Z] Archived outdated: /home/mpb/Documents/GitHub/guia_turistico/docs/INDEX.md
[2026-03-02T18:39:45.567Z] Archived: /home/mpb/Documents/GitHub/guia_turistico/docs/architecture/COMPREHENSIVE_GUIDE.md
[2026-03-02T18:39:45.567Z] Archived outdated: /home/mpb/Documents/GitHub/guia_turistico/docs/architecture/COMPREHENSIVE_GUIDE.md
[2026-03-02T18:39:45.567Z] Archived: /home/mpb/Documents/GitHub/guia_turistico/docs/guides/IBIRA_INTEGRATION.md
[2026-03-02T18:39:45.567Z] Archived outdated: /home/mpb/Documents/GitHub/guia_turistico/docs/guides/IBIRA_INTEGRATION.md
[2026-03-02T18:39:45.567Z] Archived: /home/mpb/Documents/GitHub/guia_turistico/docs/guides/JEST_COMMONJS_ES6_GUIDE.md
[2026-03-02T18:39:45.567Z] Archived outdated: /home/mpb/Documents/GitHub/guia_turistico/docs/guides/JEST_COMMONJS_ES6_GUIDE.md
[2026-03-02T18:39:45.567Z] Archived: /home/mpb/Documents/GitHub/guia_turistico/docs/guides/JSDOC_GUIDE.md
[2026-03-02T18:39:45.567Z] Archived outdated: /home/mpb/Documents/GitHub/guia_turistico/docs/guides/JSDOC_GUIDE.md
[2026-03-02T18:39:45.568Z] Archived: /home/mpb/Documents/GitHub/guia_turistico/docs/guides/QUICK_START.md
[2026-03-02T18:39:45.568Z] Archived outdated: /home/mpb/Documents/GitHub/guia_turistico/docs/guides/QUICK_START.md
[2026-03-02T18:39:45.568Z] Archived: /home/mpb/Documents/GitHub/guia_turistico/docs/infrastructure/GIT_HOOKS_INVESTIGATION.md
[2026-03-02T18:39:45.568Z] Archived outdated: /home/mpb/Documents/GitHub/guia_turistico/docs/infrastructure/GIT_HOOKS_INVESTIGATION.md
[2026-03-02T18:39:45.568Z] Archived: /home/mpb/Documents/GitHub/guia_turistico/docs/maintenance/dependency-audit-2026-02-13/ACTIONS_TAKEN.md
[2026-03-02T18:39:45.568Z] Archived outdated: /home/mpb/Documents/GitHub/guia_turistico/docs/maintenance/dependency-audit-2026-02-13/ACTIONS_TAKEN.md
[2026-03-02T18:39:45.568Z] Archived: /home/mpb/Documents/GitHub/guia_turistico/docs/maintenance/dependency-audit-2026-02-13/DEPENDENCY_ROADMAP.md
[2026-03-02T18:39:45.568Z] Archived outdated: /home/mpb/Documents/GitHub/guia_turistico/docs/maintenance/dependency-audit-2026-02-13/DEPENDENCY_ROADMAP.md
[2026-03-02T18:39:45.568Z] Archived: /home/mpb/Documents/GitHub/guia_turistico/docs/maintenance/dependency-audit-2026-02-13/EXECUTIVE_SUMMARY.md
[2026-03-02T18:39:45.568Z] Archived outdated: /home/mpb/Documents/GitHub/guia_turistico/docs/maintenance/dependency-audit-2026-02-13/EXECUTIVE_SUMMARY.md
[2026-03-02T18:39:45.568Z] Archived: /home/mpb/Documents/GitHub/guia_turistico/docs/maintenance/dependency-audit-2026-02-13/README.md
[2026-03-02T18:39:45.568Z] Archived outdated: /home/mpb/Documents/GitHub/guia_turistico/docs/maintenance/dependency-audit-2026-02-13/README.md
[2026-03-02T18:39:45.569Z] Archived: /home/mpb/Documents/GitHub/guia_turistico/docs/maintenance/dependency-audit-2026-02-13/dependency_analysis_report.md
[2026-03-02T18:39:45.569Z] Archived outdated: /home/mpb/Documents/GitHub/guia_turistico/docs/maintenance/dependency-audit-2026-02-13/dependency_analysis_report.md
[2026-03-02T18:39:45.569Z] Archived: /home/mpb/Documents/GitHub/guia_turistico/docs/reports/DOCS_MISC_DIRECTORY_AUDIT.md
[2026-03-02T18:39:45.569Z] Archived outdated: /home/mpb/Documents/GitHub/guia_turistico/docs/reports/DOCS_MISC_DIRECTORY_AUDIT.md
[2026-03-02T18:39:45.569Z] Archived: /home/mpb/Documents/GitHub/guia_turistico/docs/reports/DOCUMENTATION_AUDIT_FIXES_SUMMARY.md
[2026-03-02T18:39:45.569Z] Archived outdated: /home/mpb/Documents/GitHub/guia_turistico/docs/reports/DOCUMENTATION_AUDIT_FIXES_SUMMARY.md
[2026-03-02T18:39:45.569Z] Archived: /home/mpb/Documents/GitHub/guia_turistico/docs/reports/E2E_TESTS_DOCUMENTATION_AUDIT.md
[2026-03-02T18:39:45.569Z] Archived outdated: /home/mpb/Documents/GitHub/guia_turistico/docs/reports/E2E_TESTS_DOCUMENTATION_AUDIT.md
[2026-03-02T18:39:45.569Z] Archived: /home/mpb/Documents/GitHub/guia_turistico/docs/reports/REPORTS_DIRECTORY_AUDIT.md
[2026-03-02T18:39:45.569Z] Archived outdated: /home/mpb/Documents/GitHub/guia_turistico/docs/reports/REPORTS_DIRECTORY_AUDIT.md
[2026-03-02T18:39:45.569Z] Archived: /home/mpb/Documents/GitHub/guia_turistico/docs/reports/SOURCE_DIRECTORY_STRUCTURE_AUDIT.md
[2026-03-02T18:39:45.569Z] Archived outdated: /home/mpb/Documents/GitHub/guia_turistico/docs/reports/SOURCE_DIRECTORY_STRUCTURE_AUDIT.md
[2026-03-02T18:39:45.570Z] Archived: /home/mpb/Documents/GitHub/guia_turistico/docs/reports/VENV_DIRECTORY_INVESTIGATION.md
[2026-03-02T18:39:45.570Z] Archived outdated: /home/mpb/Documents/GitHub/guia_turistico/docs/reports/VENV_DIRECTORY_INVESTIGATION.md
[2026-03-02T18:39:45.570Z] Archived: /home/mpb/Documents/GitHub/guia_turistico/docs/reports/analysis/DOCUMENTATION_STATISTICS_REPORT.md
[2026-03-02T18:39:45.570Z] Archived outdated: /home/mpb/Documents/GitHub/guia_turistico/docs/reports/analysis/DOCUMENTATION_STATISTICS_REPORT.md
[2026-03-02T18:39:45.570Z] Archived: /home/mpb/Documents/GitHub/guia_turistico/docs/reports/bugfixes/DOCUMENTATION_FIXES_SUMMARY.md
[2026-03-02T18:39:45.570Z] Archived outdated: /home/mpb/Documents/GitHub/guia_turistico/docs/reports/bugfixes/DOCUMENTATION_FIXES_SUMMARY.md
[2026-03-02T18:39:45.570Z] Archived: /home/mpb/Documents/GitHub/guia_turistico/docs/reports/implementation/AUTOMATION_IMPLEMENTATION_SUMMARY.md
[2026-03-02T18:39:45.570Z] Archived outdated: /home/mpb/Documents/GitHub/guia_turistico/docs/reports/implementation/AUTOMATION_IMPLEMENTATION_SUMMARY.md
[2026-03-02T18:39:45.570Z] Archived: /home/mpb/Documents/GitHub/guia_turistico/docs/reports/implementation/COMPLETE_SESSION_SUMMARY.md
[2026-03-02T18:39:45.570Z] Archived outdated: /home/mpb/Documents/GitHub/guia_turistico/docs/reports/implementation/COMPLETE_SESSION_SUMMARY.md
[2026-03-02T18:39:45.570Z] Archived: /home/mpb/Documents/GitHub/guia_turistico/docs/reports/implementation/DOCUMENTATION_AUDIT_COMPLETE_2026-01-01.md
[2026-03-02T18:39:45.570Z] Archived outdated: /home/mpb/Documents/GitHub/guia_turistico/docs/reports/implementation/DOCUMENTATION_AUDIT_COMPLETE_2026-01-01.md
[2026-03-02T18:39:45.570Z] Archived: /home/mpb/Documents/GitHub/guia_turistico/docs/reports/implementation/DOCUMENTATION_IMPROVEMENTS_2026-01-01.md
[2026-03-02T18:39:45.570Z] Archived outdated: /home/mpb/Documents/GitHub/guia_turistico/docs/reports/implementation/DOCUMENTATION_IMPROVEMENTS_2026-01-01.md
[2026-03-02T18:39:45.571Z] Archived: /home/mpb/Documents/GitHub/guia_turistico/docs/reports/implementation/FINAL_COMPLETE_SUMMARY.md
[2026-03-02T18:39:45.571Z] Archived outdated: /home/mpb/Documents/GitHub/guia_turistico/docs/reports/implementation/FINAL_COMPLETE_SUMMARY.md
[2026-03-02T18:39:45.571Z] Archived: /home/mpb/Documents/GitHub/guia_turistico/docs/reports/implementation/IBIRA_VERSION_UPDATE.md
[2026-03-02T18:39:45.571Z] Archived outdated: /home/mpb/Documents/GitHub/guia_turistico/docs/reports/implementation/IBIRA_VERSION_UPDATE.md
[2026-03-02T18:39:45.571Z] Archived: /home/mpb/Documents/GitHub/guia_turistico/docs/reports/implementation/PHASE2_TIMER_LEAK_BROWSER_UI.md
[2026-03-02T18:39:45.571Z] Archived outdated: /home/mpb/Documents/GitHub/guia_turistico/docs/reports/implementation/PHASE2_TIMER_LEAK_BROWSER_UI.md
[2026-03-02T18:39:45.571Z] Archived: /home/mpb/Documents/GitHub/guia_turistico/docs/workflow-automation/AUTOMATION_RECOMMENDATIONS.md
[2026-03-02T18:39:45.571Z] Archived outdated: /home/mpb/Documents/GitHub/guia_turistico/docs/workflow-automation/AUTOMATION_RECOMMENDATIONS.md
[2026-03-02T18:39:45.571Z] Archived: /home/mpb/Documents/GitHub/guia_turistico/docs/workflow-automation/WORKFLOW_AUTOMATION_DIRECTORY_AUDIT.md
[2026-03-02T18:39:45.571Z] Archived outdated: /home/mpb/Documents/GitHub/guia_turistico/docs/workflow-automation/WORKFLOW_AUTOMATION_DIRECTORY_AUDIT.md
[2026-03-02T18:39:45.571Z] Archived 29 outdated files
[2026-03-02T18:39:45.571Z] Phase 7: Generating Report
[2026-03-02T18:39:45.571Z] Generating optimization report...
[2026-03-02T18:39:45.572Z] Report saved: /home/mpb/Documents/GitHub/guia_turistico/.ai_workflow/archive/docs/20260302_153945/optimization_report.md
[2026-03-02T18:39:45.572Z] 
📊 Optimization Complete!
═══════════════════════
  Files analyzed: 386
  Files optimized: 29
  Size saved: 0KB (0%)
  Token savings: ~0

[2026-03-02T18:39:45.572Z] 
Full report: /home/mpb/Documents/GitHub/guia_turistico/.ai_workflow/archive/docs/20260302_153945/optimization_report.md
[2026-03-02T18:39:45.572Z] ✓ Workflow complete (32s)
[2026-03-02T18:39:45.572Z] ✓ Step step_02_5 completed in 31518ms
[2026-03-02T18:39:45.572Z] [DEBUG] [Performance] step_02_5: 31.5s
[2026-03-02T18:39:45.572Z] ✗ [CRITICAL] Operation 'step_02_5' took 31.5s (memory: 37.42MB)
[2026-03-02T18:39:45.572Z] [DEBUG] Recorded outcome for step_02_5: success
[2026-03-02T18:39:45.572Z] ✓ Completed: Documentation Optimization (32s)
