[2026-03-02T18:35:55.176Z] 
→ Starting: Pre-Analysis
[2026-03-02T18:35:55.176Z] ════════════════════════════════════════════════════════════
[2026-03-02T18:35:55.176Z] 🔷  Step 0: Pre-Analysis - Analyzing Recent Changes
[2026-03-02T18:35:55.176Z] ════════════════════════════════════════════════════════════
[2026-03-02T18:35:55.204Z] Commits ahead of remote: 0
[2026-03-02T18:35:55.204Z] Modified files: 22
[2026-03-02T18:35:55.209Z] ✓ Project kind from config: location_based_service (configured)
[2026-03-02T18:35:55.296Z] ✓ Pre-analysis complete:
  • Commits ahead: 0
  • Modified files: 22
  • Change scope: code-and-tests
  • Documentation: 0 files
  • Tests: 9 files
  • Source: 12 files
  • Config: 1 files
  • Project kind: location_based_service (100% confidence)

[2026-03-02T18:35:55.300Z] ✓ Step step_00 completed in 124ms
[2026-03-02T18:35:55.300Z] [DEBUG] [Performance] step_00: 124ms
[2026-03-02T18:35:55.301Z] [DEBUG] Recorded outcome for step_00: success
[2026-03-02T18:35:55.301Z] ✓ Completed: Pre-Analysis (0s)
