[2026-03-02T18:35:55.301Z] 
→ Starting: Bootstrap Documentation
[2026-03-02T18:35:55.301Z] [DEBUG] Step0bBootstrapDocs.execute()
[2026-03-02T18:35:55.301Z] ════════════════════════════════════════════════════════════
[2026-03-02T18:35:55.301Z] 🔷  Step 0b: Documentation Gap Analysis and Generation
[2026-03-02T18:35:55.301Z] ════════════════════════════════════════════════════════════
[2026-03-02T18:35:55.301Z] Phase 1: Gathering project statistics...
[2026-03-02T18:35:55.301Z] [DEBUG] Gathering project statistics by scanning files...
[2026-03-02T18:35:55.301Z] [DEBUG] Listing all files in the project directory...
[2026-03-02T18:35:55.301Z] [DEBUG] Project root: /home/mpb/Documents/GitHub/guia_turistico
[2026-03-02T18:35:55.306Z] [DEBUG] Total files found: 1107
[2026-03-02T18:35:55.306Z] [DEBUG] Converting to relative paths...
[2026-03-02T18:35:55.308Z] Project has 442 documentation files and 328 source files
[2026-03-02T18:35:55.308Z] README.md size: 56236 bytes, Has CHANGELOG: true, Has docs/ directory: true
[2026-03-02T18:35:55.308Z] Phase 2: Evaluating documentation coverage...
[2026-03-02T18:35:55.308Z] Step 0b: Documentation coverage adequate - no bootstrap needed
[2026-03-02T18:35:55.308Z] ✓ Step step_0b completed in 7ms
[2026-03-02T18:35:55.308Z] [DEBUG] [Performance] step_0b: 7ms
[2026-03-02T18:35:55.308Z] [DEBUG] Recorded outcome for step_0b: success
[2026-03-02T18:35:55.308Z] ✓ Completed: Bootstrap Documentation (0s)
