================================================================================
WORKFLOW EXECUTION LOG
================================================================================
Workflow ID: workflow_20260101_200356
Script Version: 2.3.0
Started: 2026-01-01 20:03:56
Mode: AUTO
Steps: all
Workflow Home: /home/mpb/Documents/GitHub/ai_workflow
Project Root: /home/mpb/Documents/GitHub/guia_js (target project)

================================================================================
EXECUTION LOG
================================================================================

[2026-01-01 20:03:56] [INFO] Starting pre-flight system checks
[2026-01-01 20:03:56] [SUCCESS] Project root validated: /home/mpb/Documents/GitHub/guia_js
[2026-01-01 20:03:56] [SUCCESS] Source directory validated: /home/mpb/Documents/GitHub/guia_js/src
[2026-01-01 20:03:56] [INFO] Tech stack: nodejs
[2026-01-01 20:03:56] [SUCCESS] package.json found
[2026-01-01 20:03:56] [SUCCESS] Node.js detected: v25.2.1
[2026-01-01 20:03:56] [SUCCESS] npm detected: 11.7.0
[2026-01-01 20:03:56] [SUCCESS] Git repository validated
[2026-01-01 20:03:56] [INFO] Staged all uncommitted changes
[2026-01-01 20:03:56] [SUCCESS] docs directory found
[2026-01-01 20:03:56] [SUCCESS] tree command available
[2026-01-01 20:03:56] [SUCCESS] All pre-flight checks PASSED
[2026-01-01 20:03:56] [INFO] Starting dependency validation
[2026-01-01 20:03:56] [INFO] Tech stack: nodejs
[2026-01-01 20:03:56] [INFO] Node.js project - checking npm dependencies
[2026-01-01 20:03:56] [SUCCESS] node_modules directory exists
[2026-01-01 20:03:56] [SUCCESS] Jest detected in node_modules
[2026-01-01 20:03:57] [SUCCESS] Dependency validation completed
[2026-01-01 20:03:57] [INFO] Loaded tech stack config: javascript/npm
[2026-01-01 20:03:57] [WARNING] ML system needs more training samples
[2026-01-01 20:03:57] [INFO] Analyzing change impact for optimization
[2026-01-01 20:03:57] [INFO] Change impact: MEDIUM (code=1, tests=0)
[2026-01-01 20:03:57] [INFO] Code changes optimization enabled (strategy: incremental, files: 1)
[2026-01-01 20:03:57] [INFO] Full changes optimization enabled (categories: 3, files: 54)
[2026-01-01 20:03:57] [INFO] Cleaned up 1 checkpoints older than 7 days
[2026-01-01 20:03:57] [WARNING] Commits changed - fresh start

================================================================================
WORKFLOW SUMMARY
================================================================================
Completed: 2026-01-01 20:03:57
Duration: 0m 1s
Total Steps: 13

Step Status:
  Step 0: NOT_EXECUTED
  Step 1: NOT_EXECUTED
  Step 2: NOT_EXECUTED
  Step 3: NOT_EXECUTED
  Step 4: NOT_EXECUTED
  Step 5: NOT_EXECUTED
  Step 6: NOT_EXECUTED
  Step 7: NOT_EXECUTED
  Step 8: NOT_EXECUTED
  Step 9: NOT_EXECUTED
  Step 10: NOT_EXECUTED
  Step 11: ✅
  Step 12: NOT_EXECUTED

Output Files:
  - Backlog: /home/mpb/Documents/GitHub/guia_js/.ai_workflow/backlog/workflow_20260101_200356
  - Summaries: /home/mpb/Documents/GitHub/guia_js/.ai_workflow/summaries/workflow_20260101_200356
  - Logs: /home/mpb/Documents/GitHub/guia_js/.ai_workflow/logs/workflow_20260101_200356

================================================================================
END OF LOG
================================================================================
