[2026-03-10T01:15:39.154Z] 
→ Starting: Pre-Analysis
[2026-03-10T01:15:39.154Z] ════════════════════════════════════════════════════════════
[2026-03-10T01:15:39.154Z] 🔷  Step 0: Pre-Analysis - Analyzing Recent Changes
[2026-03-10T01:15:39.154Z] ════════════════════════════════════════════════════════════
[2026-03-10T01:15:39.182Z] Commits ahead of remote: 0
[2026-03-10T01:15:39.182Z] Modified files: 205
[2026-03-10T01:15:39.203Z] ✓ Project kind from config: location_based_service (configured)
[2026-03-10T01:15:39.314Z] ✓ Pre-analysis complete:
  • Commits ahead: 0
  • Modified files: 205
  • Change scope: mixed-changes
  • Documentation: 0 files
  • Tests: 0 files
  • Source: 0 files
  • Config: 0 files
  • Project kind: location_based_service (100% confidence)

[2026-03-10T01:15:39.318Z] ✓ Step step_00 completed in 165ms
[2026-03-10T01:15:39.318Z] [DEBUG] [Performance] step_00: 165ms
[2026-03-10T01:15:39.319Z] [DEBUG] Recorded outcome for step_00: success
[2026-03-10T01:15:39.319Z] ✓ Completed: Pre-Analysis (0s)
