[2026-03-10T01:15:39.319Z] 
→ Starting: Bootstrap Documentation
[2026-03-10T01:15:39.319Z] [DEBUG] Step0bBootstrapDocs.execute()
[2026-03-10T01:15:39.319Z] ════════════════════════════════════════════════════════════
[2026-03-10T01:15:39.319Z] 🔷  Step 0b: Documentation Gap Analysis and Generation
[2026-03-10T01:15:39.319Z] ════════════════════════════════════════════════════════════
[2026-03-10T01:15:39.319Z] Phase 1: Gathering project statistics...
[2026-03-10T01:15:39.319Z] [DEBUG] Gathering project statistics by scanning files...
[2026-03-10T01:15:39.319Z] [DEBUG] Listing all files in the project directory...
[2026-03-10T01:15:39.319Z] [DEBUG] Project root: /home/mpb/Documents/GitHub/guia_turistico
[2026-03-10T01:15:39.331Z] [DEBUG] Total files found: 1109
[2026-03-10T01:15:39.331Z] [DEBUG] Converting to relative paths...
[2026-03-10T01:15:39.333Z] Project has 443 documentation files and 329 source files
[2026-03-10T01:15:39.333Z] README.md size: 56236 bytes, Has CHANGELOG: true, Has docs/ directory: true
[2026-03-10T01:15:39.333Z] Phase 2: Evaluating documentation coverage...
[2026-03-10T01:15:39.333Z] Step 0b: Documentation coverage adequate - no bootstrap needed
[2026-03-10T01:15:39.333Z] ✓ Step step_0b completed in 14ms
[2026-03-10T01:15:39.333Z] [DEBUG] [Performance] step_0b: 14ms
[2026-03-10T01:15:39.333Z] [DEBUG] Recorded outcome for step_0b: success
[2026-03-10T01:15:39.333Z] ✓ Completed: Bootstrap Documentation (0s)
