[2026-03-10T01:17:28.396Z] 
→ Starting: Documentation Optimization
[2026-03-10T01:17:28.396Z] Documentation optimization initialized
[2026-03-10T01:17:28.396Z] ════════════════════════════════════════════════════════════
[2026-03-10T01:17:28.396Z] 🔷  Step 2.5: Documentation Optimization
[2026-03-10T01:17:28.396Z] ════════════════════════════════════════════════════════════
[2026-03-10T01:17:28.410Z] Phase 1: Heuristics Analysis (387 files)
[2026-03-10T01:17:28.432Z] Calculating content hashes...
[2026-03-10T01:17:28.439Z] Found 0 duplicate groups (0 redundant files)
[2026-03-10T01:17:28.440Z] Analyzing document similarity...
[2026-03-10T01:17:52.440Z] Found 0 redundant pairs above 80% similarity
[2026-03-10T01:17:52.440Z] Found 0 exact duplicates, 0 redundant pairs
[2026-03-10T01:17:52.440Z] Phase 2: Git History Analysis
[2026-03-10T01:17:52.440Z] Analyzing git history for 387 files...
[2026-03-10T01:18:00.447Z] Completed git analysis for 387 files
[2026-03-10T01:18:00.448Z] Found 0 outdated files
[2026-03-10T01:18:00.448Z] Phase 3: Version Reference Analysis
[2026-03-10T01:18:00.448Z] Detected version from package.json: 0.12.1-alpha
[2026-03-10T01:18:00.449Z] Analyzing version references in 387 files (current: 0.12.1-alpha)...
[2026-03-10T01:18:00.482Z] Completed version analysis for 387 files
[2026-03-10T01:18:00.482Z] Version analysis complete (35 total outdated)
[2026-03-10T01:18:00.482Z] Phase 4: AI Edge Case Analysis (skipped - no AI analyzer)
[2026-03-10T01:18:00.482Z] Phase 5: Optimization Summary
[2026-03-10T01:18:00.482Z] 
📊 Analysis Results:
───────────────────
  Total files analyzed: 387
  Exact duplicates: 0
  Redundant pairs: 0
  Outdated files: 35
  Files to optimize: 35

[2026-03-10T01:18:00.482Z] Phase 6: Applying Optimizations
[2026-03-10T01:18:00.483Z] Consolidating 0 duplicate groups...
[2026-03-10T01:18:00.483Z] Created archive: /home/mpb/Documents/GitHub/guia_turistico/.ai_workflow/archive/docs/20260309_221800
[2026-03-10T01:18:00.483Z] Consolidation complete: 0 removed, 0 kept
[2026-03-10T01:18:00.483Z] Archiving 35 outdated files...
[2026-03-10T01:18:00.483Z] Created archive: /home/mpb/Documents/GitHub/guia_turistico/.ai_workflow/archive/docs/20260309_221800
[2026-03-10T01:18:00.483Z] Archived: /home/mpb/Documents/GitHub/guia_turistico/docs/INDEX.md
[2026-03-10T01:18:00.483Z] Archived outdated: /home/mpb/Documents/GitHub/guia_turistico/docs/INDEX.md
[2026-03-10T01:18:00.483Z] Archived: /home/mpb/Documents/GitHub/guia_turistico/docs/MASTER_INDEX.md
[2026-03-10T01:18:00.483Z] Archived outdated: /home/mpb/Documents/GitHub/guia_turistico/docs/MASTER_INDEX.md
[2026-03-10T01:18:00.484Z] Archived: /home/mpb/Documents/GitHub/guia_turistico/docs/architecture/COMPREHENSIVE_GUIDE.md
[2026-03-10T01:18:00.484Z] Archived outdated: /home/mpb/Documents/GitHub/guia_turistico/docs/architecture/COMPREHENSIVE_GUIDE.md
[2026-03-10T01:18:00.484Z] Archived: /home/mpb/Documents/GitHub/guia_turistico/docs/guides/IBIRA_INTEGRATION.md
[2026-03-10T01:18:00.484Z] Archived outdated: /home/mpb/Documents/GitHub/guia_turistico/docs/guides/IBIRA_INTEGRATION.md
[2026-03-10T01:18:00.484Z] Archived: /home/mpb/Documents/GitHub/guia_turistico/docs/guides/JEST_COMMONJS_ES6_GUIDE.md
[2026-03-10T01:18:00.484Z] Archived outdated: /home/mpb/Documents/GitHub/guia_turistico/docs/guides/JEST_COMMONJS_ES6_GUIDE.md
[2026-03-10T01:18:00.484Z] Archived: /home/mpb/Documents/GitHub/guia_turistico/docs/guides/JSDOC_GUIDE.md
[2026-03-10T01:18:00.484Z] Archived outdated: /home/mpb/Documents/GitHub/guia_turistico/docs/guides/JSDOC_GUIDE.md
[2026-03-10T01:18:00.484Z] Archived: /home/mpb/Documents/GitHub/guia_turistico/docs/guides/MIGRATION_GUIDE.md
[2026-03-10T01:18:00.484Z] Archived outdated: /home/mpb/Documents/GitHub/guia_turistico/docs/guides/MIGRATION_GUIDE.md
[2026-03-10T01:18:00.484Z] Archived: /home/mpb/Documents/GitHub/guia_turistico/docs/guides/QUICK_START.md
[2026-03-10T01:18:00.484Z] Archived outdated: /home/mpb/Documents/GitHub/guia_turistico/docs/guides/QUICK_START.md
[2026-03-10T01:18:00.485Z] Archived: /home/mpb/Documents/GitHub/guia_turistico/docs/infrastructure/GIT_HOOKS_INVESTIGATION.md
[2026-03-10T01:18:00.485Z] Archived outdated: /home/mpb/Documents/GitHub/guia_turistico/docs/infrastructure/GIT_HOOKS_INVESTIGATION.md
[2026-03-10T01:18:00.485Z] Archived: /home/mpb/Documents/GitHub/guia_turistico/docs/maintenance/dependency-audit-2026-02-13/ACTIONS_TAKEN.md
[2026-03-10T01:18:00.485Z] Archived outdated: /home/mpb/Documents/GitHub/guia_turistico/docs/maintenance/dependency-audit-2026-02-13/ACTIONS_TAKEN.md
[2026-03-10T01:18:00.485Z] Archived: /home/mpb/Documents/GitHub/guia_turistico/docs/maintenance/dependency-audit-2026-02-13/DEPENDENCY_ROADMAP.md
[2026-03-10T01:18:00.485Z] Archived outdated: /home/mpb/Documents/GitHub/guia_turistico/docs/maintenance/dependency-audit-2026-02-13/DEPENDENCY_ROADMAP.md
[2026-03-10T01:18:00.485Z] Archived: /home/mpb/Documents/GitHub/guia_turistico/docs/maintenance/dependency-audit-2026-02-13/EXECUTIVE_SUMMARY.md
[2026-03-10T01:18:00.485Z] Archived outdated: /home/mpb/Documents/GitHub/guia_turistico/docs/maintenance/dependency-audit-2026-02-13/EXECUTIVE_SUMMARY.md
[2026-03-10T01:18:00.485Z] Archived: /home/mpb/Documents/GitHub/guia_turistico/docs/maintenance/dependency-audit-2026-02-13/README.md
[2026-03-10T01:18:00.485Z] Archived outdated: /home/mpb/Documents/GitHub/guia_turistico/docs/maintenance/dependency-audit-2026-02-13/README.md
[2026-03-10T01:18:00.485Z] Archived: /home/mpb/Documents/GitHub/guia_turistico/docs/maintenance/dependency-audit-2026-02-13/dependency_analysis_report.md
[2026-03-10T01:18:00.485Z] Archived outdated: /home/mpb/Documents/GitHub/guia_turistico/docs/maintenance/dependency-audit-2026-02-13/dependency_analysis_report.md
[2026-03-10T01:18:00.485Z] Archived: /home/mpb/Documents/GitHub/guia_turistico/docs/reports/DOCS_MISC_DIRECTORY_AUDIT.md
[2026-03-10T01:18:00.485Z] Archived outdated: /home/mpb/Documents/GitHub/guia_turistico/docs/reports/DOCS_MISC_DIRECTORY_AUDIT.md
[2026-03-10T01:18:00.486Z] Archived: /home/mpb/Documents/GitHub/guia_turistico/docs/reports/DOCUMENTATION_AUDIT_FIXES_SUMMARY.md
[2026-03-10T01:18:00.486Z] Archived outdated: /home/mpb/Documents/GitHub/guia_turistico/docs/reports/DOCUMENTATION_AUDIT_FIXES_SUMMARY.md
[2026-03-10T01:18:00.486Z] Archived: /home/mpb/Documents/GitHub/guia_turistico/docs/reports/E2E_TESTS_DOCUMENTATION_AUDIT.md
[2026-03-10T01:18:00.486Z] Archived outdated: /home/mpb/Documents/GitHub/guia_turistico/docs/reports/E2E_TESTS_DOCUMENTATION_AUDIT.md
[2026-03-10T01:18:00.486Z] Archived: /home/mpb/Documents/GitHub/guia_turistico/docs/reports/REPORTS_DIRECTORY_AUDIT.md
[2026-03-10T01:18:00.486Z] Archived outdated: /home/mpb/Documents/GitHub/guia_turistico/docs/reports/REPORTS_DIRECTORY_AUDIT.md
[2026-03-10T01:18:00.486Z] Archived: /home/mpb/Documents/GitHub/guia_turistico/docs/reports/SOURCE_DIRECTORY_STRUCTURE_AUDIT.md
[2026-03-10T01:18:00.486Z] Archived outdated: /home/mpb/Documents/GitHub/guia_turistico/docs/reports/SOURCE_DIRECTORY_STRUCTURE_AUDIT.md
[2026-03-10T01:18:00.486Z] Archived: /home/mpb/Documents/GitHub/guia_turistico/docs/reports/VENV_DIRECTORY_INVESTIGATION.md
[2026-03-10T01:18:00.486Z] Archived outdated: /home/mpb/Documents/GitHub/guia_turistico/docs/reports/VENV_DIRECTORY_INVESTIGATION.md
[2026-03-10T01:18:00.486Z] Archived: /home/mpb/Documents/GitHub/guia_turistico/docs/reports/analysis/DOCUMENTATION_CONSISTENCY_REPORT_2026-02-16.md
[2026-03-10T01:18:00.486Z] Archived outdated: /home/mpb/Documents/GitHub/guia_turistico/docs/reports/analysis/DOCUMENTATION_CONSISTENCY_REPORT_2026-02-16.md
[2026-03-10T01:18:00.486Z] Archived: /home/mpb/Documents/GitHub/guia_turistico/docs/reports/analysis/DOCUMENTATION_STATISTICS_REPORT.md
[2026-03-10T01:18:00.486Z] Archived outdated: /home/mpb/Documents/GitHub/guia_turistico/docs/reports/analysis/DOCUMENTATION_STATISTICS_REPORT.md
[2026-03-10T01:18:00.486Z] Archived: /home/mpb/Documents/GitHub/guia_turistico/docs/reports/analysis/archive/README.md
[2026-03-10T01:18:00.486Z] Archived outdated: /home/mpb/Documents/GitHub/guia_turistico/docs/reports/analysis/archive/README.md
[2026-03-10T01:18:00.486Z] Archived: /home/mpb/Documents/GitHub/guia_turistico/docs/reports/bugfixes/DOCUMENTATION_FIXES_SUMMARY.md
[2026-03-10T01:18:00.486Z] Archived outdated: /home/mpb/Documents/GitHub/guia_turistico/docs/reports/bugfixes/DOCUMENTATION_FIXES_SUMMARY.md
[2026-03-10T01:18:00.486Z] Archived: /home/mpb/Documents/GitHub/guia_turistico/docs/reports/implementation/AUTOMATION_IMPLEMENTATION_SUMMARY.md
[2026-03-10T01:18:00.486Z] Archived outdated: /home/mpb/Documents/GitHub/guia_turistico/docs/reports/implementation/AUTOMATION_IMPLEMENTATION_SUMMARY.md
[2026-03-10T01:18:00.486Z] Archived: /home/mpb/Documents/GitHub/guia_turistico/docs/reports/implementation/COMPLETE_SESSION_SUMMARY.md
[2026-03-10T01:18:00.486Z] Archived outdated: /home/mpb/Documents/GitHub/guia_turistico/docs/reports/implementation/COMPLETE_SESSION_SUMMARY.md
[2026-03-10T01:18:00.487Z] Archived: /home/mpb/Documents/GitHub/guia_turistico/docs/reports/implementation/DOCUMENTATION_AUDIT_COMPLETE_2026-01-01.md
[2026-03-10T01:18:00.487Z] Archived outdated: /home/mpb/Documents/GitHub/guia_turistico/docs/reports/implementation/DOCUMENTATION_AUDIT_COMPLETE_2026-01-01.md
[2026-03-10T01:18:00.487Z] Archived: /home/mpb/Documents/GitHub/guia_turistico/docs/reports/implementation/DOCUMENTATION_IMPROVEMENTS_2026-01-01.md
[2026-03-10T01:18:00.487Z] Archived outdated: /home/mpb/Documents/GitHub/guia_turistico/docs/reports/implementation/DOCUMENTATION_IMPROVEMENTS_2026-01-01.md
[2026-03-10T01:18:00.487Z] Archived: /home/mpb/Documents/GitHub/guia_turistico/docs/reports/implementation/FINAL_COMPLETE_SUMMARY.md
[2026-03-10T01:18:00.487Z] Archived outdated: /home/mpb/Documents/GitHub/guia_turistico/docs/reports/implementation/FINAL_COMPLETE_SUMMARY.md
[2026-03-10T01:18:00.487Z] Archived: /home/mpb/Documents/GitHub/guia_turistico/docs/reports/implementation/IBIRA_VERSION_UPDATE.md
[2026-03-10T01:18:00.487Z] Archived outdated: /home/mpb/Documents/GitHub/guia_turistico/docs/reports/implementation/IBIRA_VERSION_UPDATE.md
[2026-03-10T01:18:00.487Z] Archived: /home/mpb/Documents/GitHub/guia_turistico/docs/reports/implementation/PHASE2_API_DOCUMENTATION_COMPLETE.md
[2026-03-10T01:18:00.487Z] Archived outdated: /home/mpb/Documents/GitHub/guia_turistico/docs/reports/implementation/PHASE2_API_DOCUMENTATION_COMPLETE.md
[2026-03-10T01:18:00.487Z] Archived: /home/mpb/Documents/GitHub/guia_turistico/docs/reports/implementation/PHASE2_TIMER_LEAK_BROWSER_UI.md
[2026-03-10T01:18:00.487Z] Archived outdated: /home/mpb/Documents/GitHub/guia_turistico/docs/reports/implementation/PHASE2_TIMER_LEAK_BROWSER_UI.md
[2026-03-10T01:18:00.487Z] Archived: /home/mpb/Documents/GitHub/guia_turistico/docs/reports/implementation/VERSION_REFERENCES_UPDATE_2026-02-13.md
[2026-03-10T01:18:00.487Z] Archived outdated: /home/mpb/Documents/GitHub/guia_turistico/docs/reports/implementation/VERSION_REFERENCES_UPDATE_2026-02-13.md
[2026-03-10T01:18:00.487Z] Archived: /home/mpb/Documents/GitHub/guia_turistico/docs/workflow-automation/AUTOMATION_RECOMMENDATIONS.md
[2026-03-10T01:18:00.487Z] Archived outdated: /home/mpb/Documents/GitHub/guia_turistico/docs/workflow-automation/AUTOMATION_RECOMMENDATIONS.md
[2026-03-10T01:18:00.487Z] Archived: /home/mpb/Documents/GitHub/guia_turistico/docs/workflow-automation/WORKFLOW_AUTOMATION_DIRECTORY_AUDIT.md
[2026-03-10T01:18:00.487Z] Archived outdated: /home/mpb/Documents/GitHub/guia_turistico/docs/workflow-automation/WORKFLOW_AUTOMATION_DIRECTORY_AUDIT.md
[2026-03-10T01:18:00.487Z] Archived 35 outdated files
[2026-03-10T01:18:00.487Z] Phase 7: Generating Report
[2026-03-10T01:18:00.487Z] Generating optimization report...
[2026-03-10T01:18:00.488Z] Report saved: /home/mpb/Documents/GitHub/guia_turistico/.ai_workflow/archive/docs/20260309_221800/optimization_report.md
[2026-03-10T01:18:00.488Z] 
📊 Optimization Complete!
═══════════════════════
  Files analyzed: 387
  Files optimized: 35
  Size saved: 0KB (0%)
  Token savings: ~0

[2026-03-10T01:18:00.488Z] 
Full report: /home/mpb/Documents/GitHub/guia_turistico/.ai_workflow/archive/docs/20260309_221800/optimization_report.md
[2026-03-10T01:18:00.488Z] ✓ Workflow complete (32s)
[2026-03-10T01:18:00.488Z] ✓ Step step_02_5 completed in 32092ms
[2026-03-10T01:18:00.488Z] [DEBUG] [Performance] step_02_5: 32.1s
[2026-03-10T01:18:00.488Z] ✗ [CRITICAL] Operation 'step_02_5' took 32.1s (memory: 82.59MB)
[2026-03-10T01:18:00.488Z] [DEBUG] Recorded outcome for step_02_5: success
[2026-03-10T01:18:00.488Z] ✓ Completed: Documentation Optimization (32s)
