[2026-03-02T01:49:52.833Z] 
→ Starting: Bootstrap Documentation
[2026-03-02T01:49:52.834Z] [DEBUG] Step0bBootstrapDocs.execute()
[2026-03-02T01:49:52.834Z] ════════════════════════════════════════════════════════════
[2026-03-02T01:49:52.834Z] 🔷  Step 0b: Documentation Gap Analysis and Generation
[2026-03-02T01:49:52.834Z] ════════════════════════════════════════════════════════════
[2026-03-02T01:49:52.834Z] Phase 1: Gathering project statistics...
[2026-03-02T01:49:52.834Z] [DEBUG] Gathering project statistics by scanning files...
[2026-03-02T01:49:52.834Z] [DEBUG] Listing all files in the project directory...
[2026-03-02T01:49:52.834Z] [DEBUG] Project root: /home/mpb/Documents/GitHub/guia_turistico
[2026-03-02T01:49:52.848Z] [DEBUG] Total files found: 1104
[2026-03-02T01:49:52.848Z] [DEBUG] Converting to relative paths...
[2026-03-02T01:49:52.854Z] Project has 442 documentation files and 325 source files
[2026-03-02T01:49:52.854Z] README.md size: 56236 bytes, Has CHANGELOG: true, Has docs/ directory: true
[2026-03-02T01:49:52.854Z] Phase 2: Evaluating documentation coverage...
[2026-03-02T01:49:52.854Z] Step 0b: Documentation coverage adequate - no bootstrap needed
[2026-03-02T01:49:52.855Z] ✓ Step step_0b completed in 22ms
[2026-03-02T01:49:52.855Z] [DEBUG] [Performance] step_0b: 22ms
[2026-03-02T01:49:52.855Z] [DEBUG] Recorded outcome for step_0b: success
[2026-03-02T01:49:52.855Z] ✓ Completed: Bootstrap Documentation (0s)
