[2026-03-02T01:49:52.535Z] 
→ Starting: Pre-Analysis
[2026-03-02T01:49:52.536Z] ════════════════════════════════════════════════════════════
[2026-03-02T01:49:52.536Z] 🔷  Step 0: Pre-Analysis - Analyzing Recent Changes
[2026-03-02T01:49:52.536Z] ════════════════════════════════════════════════════════════
[2026-03-02T01:49:52.580Z] Commits ahead of remote: 0
[2026-03-02T01:49:52.580Z] Modified files: 152
[2026-03-02T01:49:52.595Z] ✓ Project kind from config: location_based_service (configured)
[2026-03-02T01:49:52.818Z] ✓ Pre-analysis complete:
  • Commits ahead: 0
  • Modified files: 152
  • Change scope: code-and-tests
  • Documentation: 0 files
  • Tests: 3 files
  • Source: 14 files
  • Config: 16 files
  • Project kind: location_based_service (100% confidence)

[2026-03-02T01:49:52.831Z] ✓ Step step_00 completed in 297ms
[2026-03-02T01:49:52.832Z] [DEBUG] [Performance] step_00: 298ms
[2026-03-02T01:49:52.832Z] [DEBUG] Recorded outcome for step_00: success
[2026-03-02T01:49:52.832Z] ✓ Completed: Pre-Analysis (0s)
