[2026-03-01T00:23:20.125Z] 
→ Starting: Documentation Optimization
[2026-03-01T00:23:20.126Z] Documentation optimization initialized
[2026-03-01T00:23:20.126Z] ════════════════════════════════════════════════════════════
[2026-03-01T00:23:20.126Z] 🔷  Step 2.5: Documentation Optimization
[2026-03-01T00:23:20.126Z] ════════════════════════════════════════════════════════════
[2026-03-01T00:23:20.130Z] Phase 1: Heuristics Analysis (383 files)
[2026-03-01T00:23:20.156Z] Calculating content hashes...
[2026-03-01T00:23:20.165Z] Found 0 duplicate groups (0 redundant files)
[2026-03-01T00:23:20.165Z] Analyzing document similarity...
[2026-03-01T00:23:43.761Z] Found 0 redundant pairs above 80% similarity
[2026-03-01T00:23:43.762Z] Found 0 exact duplicates, 0 redundant pairs
[2026-03-01T00:23:43.762Z] Phase 2: Git History Analysis
[2026-03-01T00:23:43.762Z] Analyzing git history for 383 files...
[2026-03-01T00:23:50.899Z] Completed git analysis for 383 files
[2026-03-01T00:23:50.900Z] Found 0 outdated files
[2026-03-01T00:23:50.900Z] Phase 3: Version Reference Analysis
[2026-03-01T00:23:50.900Z] Detected version from package.json: 0.11.4-alpha
[2026-03-01T00:23:50.900Z] Analyzing version references in 383 files (current: 0.11.4-alpha)...
[2026-03-01T00:23:50.931Z] Completed version analysis for 383 files
[2026-03-01T00:23:50.932Z] Version analysis complete (29 total outdated)
[2026-03-01T00:23:50.932Z] Phase 4: AI Edge Case Analysis (skipped - no AI analyzer)
[2026-03-01T00:23:50.932Z] Phase 5: Optimization Summary
[2026-03-01T00:23:50.932Z] 
📊 Analysis Results:
───────────────────
  Total files analyzed: 383
  Exact duplicates: 0
  Redundant pairs: 0
  Outdated files: 29
  Files to optimize: 29

[2026-03-01T00:23:50.932Z] Phase 6: Applying Optimizations
[2026-03-01T00:23:50.932Z] Consolidating 0 duplicate groups...
[2026-03-01T00:23:50.932Z] Created archive: /home/mpb/Documents/GitHub/guia_turistico/.ai_workflow/archive/docs/20260228_212350
[2026-03-01T00:23:50.932Z] Consolidation complete: 0 removed, 0 kept
[2026-03-01T00:23:50.932Z] Archiving 29 outdated files...
[2026-03-01T00:23:50.933Z] Created archive: /home/mpb/Documents/GitHub/guia_turistico/.ai_workflow/archive/docs/20260228_212350
[2026-03-01T00:23:50.933Z] Archived: /home/mpb/Documents/GitHub/guia_turistico/docs/INDEX.md
[2026-03-01T00:23:50.933Z] Archived outdated: /home/mpb/Documents/GitHub/guia_turistico/docs/INDEX.md
[2026-03-01T00:23:50.933Z] Archived: /home/mpb/Documents/GitHub/guia_turistico/docs/architecture/COMPREHENSIVE_GUIDE.md
[2026-03-01T00:23:50.933Z] Archived outdated: /home/mpb/Documents/GitHub/guia_turistico/docs/architecture/COMPREHENSIVE_GUIDE.md
[2026-03-01T00:23:50.933Z] Archived: /home/mpb/Documents/GitHub/guia_turistico/docs/guides/IBIRA_INTEGRATION.md
[2026-03-01T00:23:50.933Z] Archived outdated: /home/mpb/Documents/GitHub/guia_turistico/docs/guides/IBIRA_INTEGRATION.md
[2026-03-01T00:23:50.933Z] Archived: /home/mpb/Documents/GitHub/guia_turistico/docs/guides/JEST_COMMONJS_ES6_GUIDE.md
[2026-03-01T00:23:50.933Z] Archived outdated: /home/mpb/Documents/GitHub/guia_turistico/docs/guides/JEST_COMMONJS_ES6_GUIDE.md
[2026-03-01T00:23:50.933Z] Archived: /home/mpb/Documents/GitHub/guia_turistico/docs/guides/JSDOC_GUIDE.md
[2026-03-01T00:23:50.933Z] Archived outdated: /home/mpb/Documents/GitHub/guia_turistico/docs/guides/JSDOC_GUIDE.md
[2026-03-01T00:23:50.934Z] Archived: /home/mpb/Documents/GitHub/guia_turistico/docs/guides/QUICK_START.md
[2026-03-01T00:23:50.934Z] Archived outdated: /home/mpb/Documents/GitHub/guia_turistico/docs/guides/QUICK_START.md
[2026-03-01T00:23:50.934Z] Archived: /home/mpb/Documents/GitHub/guia_turistico/docs/infrastructure/GIT_HOOKS_INVESTIGATION.md
[2026-03-01T00:23:50.934Z] Archived outdated: /home/mpb/Documents/GitHub/guia_turistico/docs/infrastructure/GIT_HOOKS_INVESTIGATION.md
[2026-03-01T00:23:50.934Z] Archived: /home/mpb/Documents/GitHub/guia_turistico/docs/maintenance/dependency-audit-2026-02-13/ACTIONS_TAKEN.md
[2026-03-01T00:23:50.934Z] Archived outdated: /home/mpb/Documents/GitHub/guia_turistico/docs/maintenance/dependency-audit-2026-02-13/ACTIONS_TAKEN.md
[2026-03-01T00:23:50.960Z] Archived: /home/mpb/Documents/GitHub/guia_turistico/docs/maintenance/dependency-audit-2026-02-13/DEPENDENCY_ROADMAP.md
[2026-03-01T00:23:50.960Z] Archived outdated: /home/mpb/Documents/GitHub/guia_turistico/docs/maintenance/dependency-audit-2026-02-13/DEPENDENCY_ROADMAP.md
[2026-03-01T00:23:50.960Z] Archived: /home/mpb/Documents/GitHub/guia_turistico/docs/maintenance/dependency-audit-2026-02-13/EXECUTIVE_SUMMARY.md
[2026-03-01T00:23:50.960Z] Archived outdated: /home/mpb/Documents/GitHub/guia_turistico/docs/maintenance/dependency-audit-2026-02-13/EXECUTIVE_SUMMARY.md
[2026-03-01T00:23:50.960Z] Archived: /home/mpb/Documents/GitHub/guia_turistico/docs/maintenance/dependency-audit-2026-02-13/README.md
[2026-03-01T00:23:50.960Z] Archived outdated: /home/mpb/Documents/GitHub/guia_turistico/docs/maintenance/dependency-audit-2026-02-13/README.md
[2026-03-01T00:23:50.960Z] Archived: /home/mpb/Documents/GitHub/guia_turistico/docs/maintenance/dependency-audit-2026-02-13/dependency_analysis_report.md
[2026-03-01T00:23:50.960Z] Archived outdated: /home/mpb/Documents/GitHub/guia_turistico/docs/maintenance/dependency-audit-2026-02-13/dependency_analysis_report.md
[2026-03-01T00:23:50.961Z] Archived: /home/mpb/Documents/GitHub/guia_turistico/docs/reports/DOCS_MISC_DIRECTORY_AUDIT.md
[2026-03-01T00:23:50.961Z] Archived outdated: /home/mpb/Documents/GitHub/guia_turistico/docs/reports/DOCS_MISC_DIRECTORY_AUDIT.md
[2026-03-01T00:23:50.961Z] Archived: /home/mpb/Documents/GitHub/guia_turistico/docs/reports/DOCUMENTATION_AUDIT_FIXES_SUMMARY.md
[2026-03-01T00:23:50.961Z] Archived outdated: /home/mpb/Documents/GitHub/guia_turistico/docs/reports/DOCUMENTATION_AUDIT_FIXES_SUMMARY.md
[2026-03-01T00:23:50.961Z] Archived: /home/mpb/Documents/GitHub/guia_turistico/docs/reports/E2E_TESTS_DOCUMENTATION_AUDIT.md
[2026-03-01T00:23:50.961Z] Archived outdated: /home/mpb/Documents/GitHub/guia_turistico/docs/reports/E2E_TESTS_DOCUMENTATION_AUDIT.md
[2026-03-01T00:23:50.961Z] Archived: /home/mpb/Documents/GitHub/guia_turistico/docs/reports/REPORTS_DIRECTORY_AUDIT.md
[2026-03-01T00:23:50.961Z] Archived outdated: /home/mpb/Documents/GitHub/guia_turistico/docs/reports/REPORTS_DIRECTORY_AUDIT.md
[2026-03-01T00:23:50.961Z] Archived: /home/mpb/Documents/GitHub/guia_turistico/docs/reports/SOURCE_DIRECTORY_STRUCTURE_AUDIT.md
[2026-03-01T00:23:50.961Z] Archived outdated: /home/mpb/Documents/GitHub/guia_turistico/docs/reports/SOURCE_DIRECTORY_STRUCTURE_AUDIT.md
[2026-03-01T00:23:50.961Z] Archived: /home/mpb/Documents/GitHub/guia_turistico/docs/reports/VENV_DIRECTORY_INVESTIGATION.md
[2026-03-01T00:23:50.961Z] Archived outdated: /home/mpb/Documents/GitHub/guia_turistico/docs/reports/VENV_DIRECTORY_INVESTIGATION.md
[2026-03-01T00:23:50.961Z] Archived: /home/mpb/Documents/GitHub/guia_turistico/docs/reports/analysis/DOCUMENTATION_STATISTICS_REPORT.md
[2026-03-01T00:23:50.961Z] Archived outdated: /home/mpb/Documents/GitHub/guia_turistico/docs/reports/analysis/DOCUMENTATION_STATISTICS_REPORT.md
[2026-03-01T00:23:50.962Z] Archived: /home/mpb/Documents/GitHub/guia_turistico/docs/reports/bugfixes/DOCUMENTATION_FIXES_SUMMARY.md
[2026-03-01T00:23:50.962Z] Archived outdated: /home/mpb/Documents/GitHub/guia_turistico/docs/reports/bugfixes/DOCUMENTATION_FIXES_SUMMARY.md
[2026-03-01T00:23:50.962Z] Archived: /home/mpb/Documents/GitHub/guia_turistico/docs/reports/implementation/AUTOMATION_IMPLEMENTATION_SUMMARY.md
[2026-03-01T00:23:50.962Z] Archived outdated: /home/mpb/Documents/GitHub/guia_turistico/docs/reports/implementation/AUTOMATION_IMPLEMENTATION_SUMMARY.md
[2026-03-01T00:23:50.962Z] Archived: /home/mpb/Documents/GitHub/guia_turistico/docs/reports/implementation/COMPLETE_SESSION_SUMMARY.md
[2026-03-01T00:23:50.962Z] Archived outdated: /home/mpb/Documents/GitHub/guia_turistico/docs/reports/implementation/COMPLETE_SESSION_SUMMARY.md
[2026-03-01T00:23:50.962Z] Archived: /home/mpb/Documents/GitHub/guia_turistico/docs/reports/implementation/DOCUMENTATION_AUDIT_COMPLETE_2026-01-01.md
[2026-03-01T00:23:50.962Z] Archived outdated: /home/mpb/Documents/GitHub/guia_turistico/docs/reports/implementation/DOCUMENTATION_AUDIT_COMPLETE_2026-01-01.md
[2026-03-01T00:23:50.962Z] Archived: /home/mpb/Documents/GitHub/guia_turistico/docs/reports/implementation/DOCUMENTATION_IMPROVEMENTS_2026-01-01.md
[2026-03-01T00:23:50.962Z] Archived outdated: /home/mpb/Documents/GitHub/guia_turistico/docs/reports/implementation/DOCUMENTATION_IMPROVEMENTS_2026-01-01.md
[2026-03-01T00:23:50.962Z] Archived: /home/mpb/Documents/GitHub/guia_turistico/docs/reports/implementation/FINAL_COMPLETE_SUMMARY.md
[2026-03-01T00:23:50.962Z] Archived outdated: /home/mpb/Documents/GitHub/guia_turistico/docs/reports/implementation/FINAL_COMPLETE_SUMMARY.md
[2026-03-01T00:23:50.962Z] Archived: /home/mpb/Documents/GitHub/guia_turistico/docs/reports/implementation/IBIRA_VERSION_UPDATE.md
[2026-03-01T00:23:50.962Z] Archived outdated: /home/mpb/Documents/GitHub/guia_turistico/docs/reports/implementation/IBIRA_VERSION_UPDATE.md
[2026-03-01T00:23:50.962Z] Archived: /home/mpb/Documents/GitHub/guia_turistico/docs/reports/implementation/PHASE2_TIMER_LEAK_BROWSER_UI.md
[2026-03-01T00:23:50.962Z] Archived outdated: /home/mpb/Documents/GitHub/guia_turistico/docs/reports/implementation/PHASE2_TIMER_LEAK_BROWSER_UI.md
[2026-03-01T00:23:50.962Z] Archived: /home/mpb/Documents/GitHub/guia_turistico/docs/workflow-automation/AUTOMATION_RECOMMENDATIONS.md
[2026-03-01T00:23:50.963Z] Archived outdated: /home/mpb/Documents/GitHub/guia_turistico/docs/workflow-automation/AUTOMATION_RECOMMENDATIONS.md
[2026-03-01T00:23:50.963Z] Archived: /home/mpb/Documents/GitHub/guia_turistico/docs/workflow-automation/WORKFLOW_AUTOMATION_DIRECTORY_AUDIT.md
[2026-03-01T00:23:50.963Z] Archived outdated: /home/mpb/Documents/GitHub/guia_turistico/docs/workflow-automation/WORKFLOW_AUTOMATION_DIRECTORY_AUDIT.md
[2026-03-01T00:23:50.963Z] Archived 29 outdated files
[2026-03-01T00:23:50.963Z] Phase 7: Generating Report
[2026-03-01T00:23:50.963Z] Generating optimization report...
[2026-03-01T00:23:50.963Z] Report saved: /home/mpb/Documents/GitHub/guia_turistico/.ai_workflow/archive/docs/20260228_212350/optimization_report.md
[2026-03-01T00:23:50.963Z] 
📊 Optimization Complete!
═══════════════════════
  Files analyzed: 383
  Files optimized: 29
  Size saved: 0KB (0%)
  Token savings: ~0

[2026-03-01T00:23:50.963Z] 
Full report: /home/mpb/Documents/GitHub/guia_turistico/.ai_workflow/archive/docs/20260228_212350/optimization_report.md
[2026-03-01T00:23:50.963Z] ✓ Workflow complete (31s)
[2026-03-01T00:23:50.963Z] ✓ Step step_02_5 completed in 30838ms
[2026-03-01T00:23:50.963Z] [DEBUG] [Performance] step_02_5: 30.8s
[2026-03-01T00:23:50.963Z] ✗ [CRITICAL] Operation 'step_02_5' took 30.8s (memory: 66.49MB)
[2026-03-01T00:23:50.964Z] [DEBUG] Recorded outcome for step_02_5: success
[2026-03-01T00:23:50.964Z] ✓ Completed: Documentation Optimization (31s)
