[2026-03-01T00:22:24.236Z] 
→ Starting: Bootstrap Documentation
[2026-03-01T00:22:24.236Z] [DEBUG] Step0bBootstrapDocs.execute()
[2026-03-01T00:22:24.236Z] ════════════════════════════════════════════════════════════
[2026-03-01T00:22:24.236Z] 🔷  Step 0b: Documentation Gap Analysis and Generation
[2026-03-01T00:22:24.236Z] ════════════════════════════════════════════════════════════
[2026-03-01T00:22:24.236Z] Phase 1: Gathering project statistics...
[2026-03-01T00:22:24.236Z] [DEBUG] Gathering project statistics by scanning files...
[2026-03-01T00:22:24.236Z] [DEBUG] Listing all files in the project directory...
[2026-03-01T00:22:24.236Z] [DEBUG] Project root: /home/mpb/Documents/GitHub/guia_turistico
[2026-03-01T00:22:24.242Z] [DEBUG] Total files found: 1084
[2026-03-01T00:22:24.242Z] [DEBUG] Converting to relative paths...
[2026-03-01T00:22:24.245Z] Project has 429 documentation files and 320 source files
[2026-03-01T00:22:24.245Z] README.md size: 56236 bytes, Has CHANGELOG: true, Has docs/ directory: true
[2026-03-01T00:22:24.245Z] Phase 2: Evaluating documentation coverage...
[2026-03-01T00:22:24.245Z] Step 0b: Documentation coverage adequate - no bootstrap needed
[2026-03-01T00:22:24.245Z] ✓ Step step_0b completed in 9ms
[2026-03-01T00:22:24.246Z] [DEBUG] [Performance] step_0b: 10ms
[2026-03-01T00:22:24.246Z] [DEBUG] Recorded outcome for step_0b: success
[2026-03-01T00:22:24.246Z] ✓ Completed: Bootstrap Documentation (0s)
