[2026-03-01T00:22:24.121Z] 
→ Starting: Pre-Analysis
[2026-03-01T00:22:24.121Z] ════════════════════════════════════════════════════════════
[2026-03-01T00:22:24.121Z] 🔷  Step 0: Pre-Analysis - Analyzing Recent Changes
[2026-03-01T00:22:24.121Z] ════════════════════════════════════════════════════════════
[2026-03-01T00:22:24.148Z] Commits ahead of remote: 0
[2026-03-01T00:22:24.148Z] Modified files: 35
[2026-03-01T00:22:24.153Z] ✓ Project kind from config: location_based_service (configured)
[2026-03-01T00:22:24.230Z] ✓ Pre-analysis complete:
  • Commits ahead: 0
  • Modified files: 35
  • Change scope: full-stack
  • Documentation: 5 files
  • Tests: 17 files
  • Source: 11 files
  • Config: 2 files
  • Project kind: location_based_service (100% confidence)

[2026-03-01T00:22:24.235Z] ✓ Step step_00 completed in 114ms
[2026-03-01T00:22:24.235Z] [DEBUG] [Performance] step_00: 114ms
[2026-03-01T00:22:24.236Z] [DEBUG] Recorded outcome for step_00: success
[2026-03-01T00:22:24.236Z] ✓ Completed: Pre-Analysis (0s)
