================================================================================
WORKFLOW EXECUTION LOG
================================================================================
Workflow ID: workflow_20260101_200910
Script Version: 2.3.0
Started: 2026-01-01 20:09:10
Mode: AUTO
Steps: all
Workflow Home: /home/mpb/Documents/GitHub/ai_workflow
Project Root: /home/mpb/Documents/GitHub/guia_js (target project)

================================================================================
EXECUTION LOG
================================================================================

[2026-01-01 20:09:10] [INFO] Starting pre-flight system checks
[2026-01-01 20:09:10] [SUCCESS] Project root validated: /home/mpb/Documents/GitHub/guia_js
[2026-01-01 20:09:10] [SUCCESS] Source directory validated: /home/mpb/Documents/GitHub/guia_js/src
[2026-01-01 20:09:10] [INFO] Tech stack: nodejs
[2026-01-01 20:09:10] [SUCCESS] package.json found
[2026-01-01 20:09:10] [SUCCESS] Node.js detected: v25.2.1
[2026-01-01 20:09:10] [SUCCESS] npm detected: 11.7.0
[2026-01-01 20:09:10] [SUCCESS] Git repository validated
[2026-01-01 20:09:10] [INFO] Staged all uncommitted changes
[2026-01-01 20:09:10] [SUCCESS] docs directory found
[2026-01-01 20:09:10] [SUCCESS] tree command available
[2026-01-01 20:09:10] [SUCCESS] All pre-flight checks PASSED
[2026-01-01 20:09:10] [INFO] Starting dependency validation
[2026-01-01 20:09:10] [INFO] Tech stack: nodejs
[2026-01-01 20:09:10] [INFO] Node.js project - checking npm dependencies
[2026-01-01 20:09:10] [SUCCESS] node_modules directory exists
[2026-01-01 20:09:10] [SUCCESS] Jest detected in node_modules
[2026-01-01 20:09:10] [SUCCESS] Dependency validation completed
[2026-01-01 20:09:11] [INFO] Loaded tech stack config: javascript/npm
[2026-01-01 20:09:11] [WARNING] ML system needs more training samples
[2026-01-01 20:09:11] [INFO] Analyzing change impact for optimization
[2026-01-01 20:09:11] [INFO] Change impact: MEDIUM (code=1, tests=0)
[2026-01-01 20:09:11] [INFO] Code changes optimization enabled (strategy: incremental, files: 1)
[2026-01-01 20:09:11] [INFO] Full changes optimization enabled (categories: 3, files: 55)
[2026-01-01 20:09:11] [WARNING] Commits changed - fresh start
[2026-01-01 20:09:11] [INFO] Step step0 status updated: ✅
[2026-01-01 20:09:11] [INFO] Step 0 status updated: ✅
[2026-01-01 20:09:11] [INFO] Step 0 completed: SUCCESS
[2026-01-01 20:09:17] [INFO] Step 1 status updated: ✅
[2026-01-01 20:09:17] [INFO] Step 1 completed: SUCCESS
[2026-01-01 20:09:19] [INFO] Step step2 status updated: ✅
[2026-01-01 20:09:19] [INFO] Step 2 status updated: ✅
[2026-01-01 20:09:19] [INFO] Step 2 completed: SUCCESS
[2026-01-01 20:09:19] [INFO] Step step3 status updated: ✅
[2026-01-01 20:09:19] [INFO] Step 3 status updated: ✅
[2026-01-01 20:09:19] [INFO] Step 3 completed: SUCCESS
[2026-01-01 20:09:20] [INFO] Step step4 status updated: ✅
[2026-01-01 20:09:20] [INFO] Step 4 status updated: ✅
[2026-01-01 20:09:20] [INFO] Step 4 completed: SUCCESS
[2026-01-01 20:09:21] [INFO] Auto-staged 21 workflow artifacts (status: success)
[2026-01-01 20:09:21] [INFO] Cleaning up 8 temporary files

================================================================================
WORKFLOW SUMMARY
================================================================================
Completed: 2026-01-01 20:09:21
Duration: 0m 11s
Total Steps: 13

Step Status:
  Step 0: ✅
  Step 1: ✅
  Step 2: ✅
  Step 3: ✅
  Step 4: ✅
  Step 5: NOT_EXECUTED
  Step 6: NOT_EXECUTED
  Step 7: NOT_EXECUTED
  Step 8: NOT_EXECUTED
  Step 9: NOT_EXECUTED
  Step 10: NOT_EXECUTED
  Step 11: ✅
  Step 12: NOT_EXECUTED

Output Files:
  - Backlog: /home/mpb/Documents/GitHub/guia_js/.ai_workflow/backlog/workflow_20260101_200910
  - Summaries: /home/mpb/Documents/GitHub/guia_js/.ai_workflow/summaries/workflow_20260101_200910
  - Logs: /home/mpb/Documents/GitHub/guia_js/.ai_workflow/logs/workflow_20260101_200910

================================================================================
END OF LOG
================================================================================
