================================================================================
WORKFLOW EXECUTION LOG
================================================================================
Workflow ID: workflow_20260101_193000
Script Version: 2.3.0
Started: 2026-01-01 19:30:00
Mode: DRY RUN
Steps: all
Workflow Home: /home/mpb/Documents/GitHub/ai_workflow
Project Root: /home/mpb/Documents/GitHub/guia_js (target project)

================================================================================
EXECUTION LOG
================================================================================

[2026-01-01 19:30:00] [INFO] Starting pre-flight system checks
[2026-01-01 19:30:00] [SUCCESS] Project root validated: /home/mpb/Documents/GitHub/guia_js
[2026-01-01 19:30:00] [SUCCESS] Source directory validated: /home/mpb/Documents/GitHub/guia_js/src
[2026-01-01 19:30:00] [INFO] Tech stack: nodejs
[2026-01-01 19:30:00] [SUCCESS] package.json found
[2026-01-01 19:30:00] [SUCCESS] Node.js detected: v25.2.1
[2026-01-01 19:30:00] [SUCCESS] npm detected: 11.7.0
[2026-01-01 19:30:00] [SUCCESS] Git repository validated
[2026-01-01 19:30:00] [INFO] [DRY RUN] Would stage all changes
[2026-01-01 19:30:00] [SUCCESS] docs directory found
[2026-01-01 19:30:00] [SUCCESS] tree command available
[2026-01-01 19:30:00] [SUCCESS] All pre-flight checks PASSED
[2026-01-01 19:30:00] [INFO] Starting dependency validation
[2026-01-01 19:30:00] [INFO] Tech stack: nodejs
[2026-01-01 19:30:00] [INFO] Node.js project - checking npm dependencies
[2026-01-01 19:30:00] [SUCCESS] node_modules directory exists
[2026-01-01 19:30:00] [SUCCESS] Jest detected in node_modules
[2026-01-01 19:30:00] [SUCCESS] Dependency validation completed
[2026-01-01 19:30:01] [INFO] Loaded tech stack config: javascript/npm
[2026-01-01 19:30:01] [INFO] Analyzing change impact for optimization
[2026-01-01 19:30:01] [INFO] Change impact: MEDIUM (code=1, tests=0)
[2026-01-01 19:30:01] [INFO] Code changes optimization enabled (strategy: incremental, files: 1)
[2026-01-01 19:30:01] [INFO] Full changes optimization enabled (categories: 3, files: 50)
[2026-01-01 19:30:01] [INFO] Cleaned up 6 checkpoints older than 7 days
